{"/home/tanguy/Seafile/Cours/acrobat/Code/septoblique-api/src/controllers/Trip.ts": {"path":"/home/tanguy/Seafile/Cours/acrobat/Code/septoblique-api/src/controllers/Trip.ts","statementMap":{"0":{"start":{"line":2,"column":0},"end":{"line":2,"column":44}},"1":{"start":{"line":3,"column":0},"end":{"line":3,"column":52}},"2":{"start":{"line":4,"column":0},"end":{"line":4,"column":38}},"3":{"start":{"line":5,"column":0},"end":{"line":5,"column":38}},"4":{"start":{"line":9,"column":0},"end":{"line":9,"column":51}},"5":{"start":{"line":11,"column":0},"end":{"line":11,"column":57}},"6":{"start":{"line":15,"column":12},"end":{"line":17,"column":null}},"7":{"start":{"line":20,"column":1},"end":{"line":23,"column":null}},"8":{"start":{"line":21,"column":2},"end":{"line":21,"column":101}},"9":{"start":{"line":22,"column":2},"end":{"line":22,"column":9}},"10":{"start":{"line":26,"column":1},"end":{"line":34,"column":null}},"11":{"start":{"line":27,"column":2},"end":{"line":27,"column":34}},"12":{"start":{"line":30,"column":2},"end":{"line":31,"column":100}},"13":{"start":{"line":31,"column":3},"end":{"line":31,"column":100}},"14":{"start":{"line":33,"column":2},"end":{"line":33,"column":21}},"15":{"start":{"line":36,"column":14},"end":{"line":36,"column":48}},"16":{"start":{"line":38,"column":1},"end":{"line":38,"column":42}},"17":{"start":{"line":38,"column":11},"end":{"line":38,"column":42}},"18":{"start":{"line":40,"column":1},"end":{"line":40,"column":20}},"19":{"start":{"line":42,"column":1},"end":{"line":47,"column":null}},"20":{"start":{"line":43,"column":2},"end":{"line":43,"column":172}},"21":{"start":{"line":46,"column":2},"end":{"line":46,"column":21}},"22":{"start":{"line":49,"column":1},"end":{"line":49,"column":21}},"23":{"start":{"line":13,"column":0},"end":{"line":13,"column":22}},"24":{"start":{"line":53,"column":15},"end":{"line":57,"column":3}},"25":{"start":{"line":59,"column":1},"end":{"line":59,"column":22}},"26":{"start":{"line":52,"column":0},"end":{"line":52,"column":22}},"27":{"start":{"line":64,"column":15},"end":{"line":64,"column":52}},"28":{"start":{"line":66,"column":1},"end":{"line":66,"column":22}},"29":{"start":{"line":62,"column":0},"end":{"line":62,"column":22}},"30":{"start":{"line":70,"column":1},"end":{"line":70,"column":37}},"31":{"start":{"line":69,"column":0},"end":{"line":69,"column":22}},"32":{"start":{"line":75,"column":20},"end":{"line":75,"column":40}},"33":{"start":{"line":76,"column":38},"end":{"line":76,"column":50}},"34":{"start":{"line":78,"column":1},"end":{"line":81,"column":null}},"35":{"start":{"line":79,"column":2},"end":{"line":79,"column":99}},"36":{"start":{"line":80,"column":2},"end":{"line":80,"column":9}},"37":{"start":{"line":83,"column":1},"end":{"line":91,"column":null}},"38":{"start":{"line":84,"column":2},"end":{"line":84,"column":35}},"39":{"start":{"line":87,"column":2},"end":{"line":88,"column":100}},"40":{"start":{"line":88,"column":3},"end":{"line":88,"column":100}},"41":{"start":{"line":90,"column":2},"end":{"line":90,"column":21}},"42":{"start":{"line":93,"column":1},"end":{"line":93,"column":21}},"43":{"start":{"line":73,"column":0},"end":{"line":73,"column":22}},"44":{"start":{"line":97,"column":20},"end":{"line":97,"column":40}},"45":{"start":{"line":99,"column":1},"end":{"line":99,"column":22}},"46":{"start":{"line":101,"column":1},"end":{"line":101,"column":44}},"47":{"start":{"line":96,"column":0},"end":{"line":96,"column":22}},"48":{"start":{"line":105,"column":1},"end":{"line":109,"column":5}},"49":{"start":{"line":104,"column":0},"end":{"line":104,"column":22}},"50":{"start":{"line":114,"column":20},"end":{"line":114,"column":40}},"51":{"start":{"line":116,"column":38},"end":{"line":116,"column":50}},"52":{"start":{"line":118,"column":1},"end":{"line":121,"column":null}},"53":{"start":{"line":119,"column":2},"end":{"line":119,"column":98}},"54":{"start":{"line":120,"column":2},"end":{"line":120,"column":9}},"55":{"start":{"line":123,"column":34},"end":{"line":127,"column":3}},"56":{"start":{"line":129,"column":1},"end":{"line":132,"column":null}},"57":{"start":{"line":130,"column":2},"end":{"line":130,"column":108}},"58":{"start":{"line":131,"column":2},"end":{"line":131,"column":9}},"59":{"start":{"line":134,"column":1},"end":{"line":140,"column":null}},"60":{"start":{"line":135,"column":2},"end":{"line":135,"column":34}},"61":{"start":{"line":138,"column":2},"end":{"line":138,"column":23}},"62":{"start":{"line":139,"column":2},"end":{"line":139,"column":14}},"63":{"start":{"line":142,"column":1},"end":{"line":142,"column":50}},"64":{"start":{"line":112,"column":0},"end":{"line":112,"column":22}},"65":{"start":{"line":147,"column":20},"end":{"line":147,"column":40}},"66":{"start":{"line":149,"column":16},"end":{"line":149,"column":38}},"67":{"start":{"line":151,"column":1},"end":{"line":154,"column":null}},"68":{"start":{"line":152,"column":2},"end":{"line":152,"column":101}},"69":{"start":{"line":153,"column":2},"end":{"line":153,"column":9}},"70":{"start":{"line":156,"column":1},"end":{"line":160,"column":null}},"71":{"start":{"line":156,"column":41},"end":{"line":156,"column":68}},"72":{"start":{"line":158,"column":2},"end":{"line":158,"column":122}},"73":{"start":{"line":159,"column":2},"end":{"line":159,"column":9}},"74":{"start":{"line":162,"column":1},"end":{"line":162,"column":41}},"75":{"start":{"line":164,"column":1},"end":{"line":164,"column":54}},"76":{"start":{"line":145,"column":0},"end":{"line":145,"column":22}}},"fnMap":{"0":{"name":"createTrip","decl":{"start":{"line":13,"column":22},"end":{"line":13,"column":32}},"loc":{"start":{"line":13,"column":89},"end":{"line":50,"column":null}}},"1":{"name":"getAllPublicTrips","decl":{"start":{"line":52,"column":22},"end":{"line":52,"column":39}},"loc":{"start":{"line":52,"column":76},"end":{"line":60,"column":null}}},"2":{"name":"getUserTrips","decl":{"start":{"line":62,"column":22},"end":{"line":62,"column":34}},"loc":{"start":{"line":62,"column":71},"end":{"line":67,"column":null}}},"3":{"name":"getSpecificTrip","decl":{"start":{"line":69,"column":22},"end":{"line":69,"column":37}},"loc":{"start":{"line":69,"column":74},"end":{"line":71,"column":null}}},"4":{"name":"updateTrip","decl":{"start":{"line":73,"column":22},"end":{"line":73,"column":32}},"loc":{"start":{"line":73,"column":89},"end":{"line":94,"column":null}}},"5":{"name":"deleteTrip","decl":{"start":{"line":96,"column":22},"end":{"line":96,"column":32}},"loc":{"start":{"line":96,"column":69},"end":{"line":102,"column":null}}},"6":{"name":"getTripUsers","decl":{"start":{"line":104,"column":22},"end":{"line":104,"column":34}},"loc":{"start":{"line":104,"column":71},"end":{"line":110,"column":null}}},"7":{"name":"addingMemberToTrip","decl":{"start":{"line":112,"column":22},"end":{"line":112,"column":40}},"loc":{"start":{"line":112,"column":97},"end":{"line":143,"column":null}}},"8":{"name":"removeMemberFromTrip","decl":{"start":{"line":145,"column":22},"end":{"line":145,"column":42}},"loc":{"start":{"line":145,"column":99},"end":{"line":165,"column":null}}},"9":{"name":"(anonymous_26)","decl":{"start":{"line":156,"column":34},"end":{"line":156,"column":37}},"loc":{"start":{"line":156,"column":41},"end":{"line":156,"column":68}}}},"branchMap":{"0":{"loc":{"start":{"line":20,"column":1},"end":{"line":23,"column":null}},"type":"if","locations":[{"start":{"line":20,"column":1},"end":{"line":23,"column":null}}]},"1":{"loc":{"start":{"line":30,"column":2},"end":{"line":31,"column":100}},"type":"if","locations":[{"start":{"line":30,"column":2},"end":{"line":31,"column":100}}]},"2":{"loc":{"start":{"line":38,"column":1},"end":{"line":38,"column":42}},"type":"if","locations":[{"start":{"line":38,"column":1},"end":{"line":38,"column":42}}]},"3":{"loc":{"start":{"line":43,"column":55},"end":{"line":43,"column":109}},"type":"cond-expr","locations":[{"start":{"line":43,"column":95},"end":{"line":43,"column":101}},{"start":{"line":43,"column":104},"end":{"line":43,"column":109}}]},"4":{"loc":{"start":{"line":78,"column":1},"end":{"line":81,"column":null}},"type":"if","locations":[{"start":{"line":78,"column":1},"end":{"line":81,"column":null}}]},"5":{"loc":{"start":{"line":78,"column":4},"end":{"line":78,"column":71}},"type":"binary-expr","locations":[{"start":{"line":78,"column":4},"end":{"line":78,"column":28}},{"start":{"line":78,"column":32},"end":{"line":78,"column":71}}]},"6":{"loc":{"start":{"line":87,"column":2},"end":{"line":88,"column":100}},"type":"if","locations":[{"start":{"line":87,"column":2},"end":{"line":88,"column":100}}]},"7":{"loc":{"start":{"line":118,"column":1},"end":{"line":121,"column":null}},"type":"if","locations":[{"start":{"line":118,"column":1},"end":{"line":121,"column":null}}]},"8":{"loc":{"start":{"line":129,"column":1},"end":{"line":132,"column":null}},"type":"if","locations":[{"start":{"line":129,"column":1},"end":{"line":132,"column":null}}]},"9":{"loc":{"start":{"line":149,"column":16},"end":{"line":149,"column":38}},"type":"cond-expr","locations":[{"start":{"line":149,"column":30},"end":{"line":149,"column":32}},{"start":{"line":149,"column":30},"end":{"line":149,"column":38}}]},"10":{"loc":{"start":{"line":149,"column":16},"end":{"line":149,"column":32}},"type":"binary-expr","locations":[{"start":{"line":149,"column":16},"end":{"line":149,"column":32}},{"start":{"line":149,"column":30},"end":{"line":149,"column":32}}]},"11":{"loc":{"start":{"line":151,"column":1},"end":{"line":154,"column":null}},"type":"if","locations":[{"start":{"line":151,"column":1},"end":{"line":154,"column":null}}]},"12":{"loc":{"start":{"line":156,"column":1},"end":{"line":160,"column":null}},"type":"if","locations":[{"start":{"line":156,"column":1},"end":{"line":160,"column":null}}]}},"s":{"0":1,"1":1,"2":1,"3":1,"4":1,"5":1,"6":2,"7":2,"8":1,"9":1,"10":1,"11":1,"12":0,"13":0,"14":0,"15":1,"16":1,"17":0,"18":1,"19":1,"20":1,"21":0,"22":1,"23":1,"24":2,"25":2,"26":1,"27":1,"28":1,"29":1,"30":0,"31":1,"32":2,"33":2,"34":2,"35":1,"36":1,"37":1,"38":1,"39":0,"40":0,"41":0,"42":1,"43":1,"44":1,"45":1,"46":1,"47":1,"48":0,"49":1,"50":3,"51":3,"52":3,"53":1,"54":1,"55":2,"56":2,"57":1,"58":1,"59":1,"60":1,"61":1,"62":1,"63":0,"64":1,"65":3,"66":3,"67":3,"68":1,"69":1,"70":2,"71":0,"72":2,"73":2,"74":0,"75":0,"76":1},"f":{"0":2,"1":2,"2":1,"3":0,"4":2,"5":1,"6":0,"7":3,"8":3,"9":0},"b":{"0":[1],"1":[0],"2":[0],"3":[0,1],"4":[1],"5":[2,1],"6":[0],"7":[1],"8":[1],"9":[0,3],"10":[3,3],"11":[1],"12":[2]}}
,"/home/tanguy/Seafile/Cours/acrobat/Code/septoblique-api/src/controllers/User.ts": {"path":"/home/tanguy/Seafile/Cours/acrobat/Code/septoblique-api/src/controllers/User.ts","statementMap":{"0":{"start":{"line":2,"column":0},"end":{"line":2,"column":44}},"1":{"start":{"line":3,"column":0},"end":{"line":3,"column":38}},"2":{"start":{"line":9,"column":0},"end":{"line":9,"column":87}},"3":{"start":{"line":10,"column":0},"end":{"line":10,"column":33}},"4":{"start":{"line":11,"column":0},"end":{"line":11,"column":47}},"5":{"start":{"line":16,"column":1},"end":{"line":19,"column":null}},"6":{"start":{"line":17,"column":2},"end":{"line":17,"column":101}},"7":{"start":{"line":18,"column":2},"end":{"line":18,"column":9}},"8":{"start":{"line":21,"column":22},"end":{"line":25,"column":3}},"9":{"start":{"line":27,"column":1},"end":{"line":30,"column":null}},"10":{"start":{"line":28,"column":2},"end":{"line":28,"column":119}},"11":{"start":{"line":29,"column":2},"end":{"line":29,"column":9}},"12":{"start":{"line":32,"column":16},"end":{"line":32,"column":26}},"13":{"start":{"line":33,"column":24},"end":{"line":33,"column":58}},"14":{"start":{"line":35,"column":26},"end":{"line":40,"column":3}},"15":{"start":{"line":42,"column":1},"end":{"line":50,"column":null}},"16":{"start":{"line":43,"column":2},"end":{"line":43,"column":27}},"17":{"start":{"line":46,"column":2},"end":{"line":47,"column":100}},"18":{"start":{"line":47,"column":3},"end":{"line":47,"column":100}},"19":{"start":{"line":49,"column":2},"end":{"line":49,"column":21}},"20":{"start":{"line":52,"column":1},"end":{"line":52,"column":60}},"21":{"start":{"line":53,"column":1},"end":{"line":53,"column":8}},"22":{"start":{"line":14,"column":0},"end":{"line":14,"column":22}},"23":{"start":{"line":58,"column":1},"end":{"line":61,"column":null}},"24":{"start":{"line":59,"column":2},"end":{"line":59,"column":101}},"25":{"start":{"line":60,"column":2},"end":{"line":60,"column":9}},"26":{"start":{"line":63,"column":22},"end":{"line":67,"column":3}},"27":{"start":{"line":69,"column":1},"end":{"line":72,"column":null}},"28":{"start":{"line":70,"column":2},"end":{"line":70,"column":110}},"29":{"start":{"line":71,"column":2},"end":{"line":71,"column":9}},"30":{"start":{"line":74,"column":16},"end":{"line":74,"column":26}},"31":{"start":{"line":76,"column":1},"end":{"line":79,"column":null}},"32":{"start":{"line":77,"column":2},"end":{"line":77,"column":105}},"33":{"start":{"line":78,"column":2},"end":{"line":78,"column":9}},"34":{"start":{"line":81,"column":17},"end":{"line":85,"column":3}},"35":{"start":{"line":87,"column":1},"end":{"line":87,"column":89}},"36":{"start":{"line":56,"column":0},"end":{"line":56,"column":22}},"37":{"start":{"line":92,"column":14},"end":{"line":96,"column":3}},"38":{"start":{"line":98,"column":1},"end":{"line":98,"column":21}},"39":{"start":{"line":90,"column":0},"end":{"line":90,"column":22}}},"fnMap":{"0":{"name":"register","decl":{"start":{"line":14,"column":22},"end":{"line":14,"column":30}},"loc":{"start":{"line":14,"column":87},"end":{"line":54,"column":null}}},"1":{"name":"login","decl":{"start":{"line":56,"column":22},"end":{"line":56,"column":27}},"loc":{"start":{"line":56,"column":84},"end":{"line":88,"column":null}}},"2":{"name":"me","decl":{"start":{"line":90,"column":22},"end":{"line":90,"column":24}},"loc":{"start":{"line":90,"column":61},"end":{"line":99,"column":null}}}},"branchMap":{"0":{"loc":{"start":{"line":16,"column":1},"end":{"line":19,"column":null}},"type":"if","locations":[{"start":{"line":16,"column":1},"end":{"line":19,"column":null}}]},"1":{"loc":{"start":{"line":27,"column":1},"end":{"line":30,"column":null}},"type":"if","locations":[{"start":{"line":27,"column":1},"end":{"line":30,"column":null}}]},"2":{"loc":{"start":{"line":46,"column":2},"end":{"line":47,"column":100}},"type":"if","locations":[{"start":{"line":46,"column":2},"end":{"line":47,"column":100}}]},"3":{"loc":{"start":{"line":58,"column":1},"end":{"line":61,"column":null}},"type":"if","locations":[{"start":{"line":58,"column":1},"end":{"line":61,"column":null}}]},"4":{"loc":{"start":{"line":69,"column":1},"end":{"line":72,"column":null}},"type":"if","locations":[{"start":{"line":69,"column":1},"end":{"line":72,"column":null}}]},"5":{"loc":{"start":{"line":76,"column":1},"end":{"line":79,"column":null}},"type":"if","locations":[{"start":{"line":76,"column":1},"end":{"line":79,"column":null}}]}},"s":{"0":2,"1":2,"2":2,"3":2,"4":2,"5":5,"6":1,"7":1,"8":4,"9":4,"10":1,"11":1,"12":3,"13":3,"14":3,"15":3,"16":3,"17":0,"18":0,"19":0,"20":3,"21":3,"22":2,"23":4,"24":1,"25":1,"26":3,"27":3,"28":1,"29":1,"30":2,"31":2,"32":1,"33":1,"34":1,"35":1,"36":2,"37":1,"38":1,"39":2},"f":{"0":5,"1":4,"2":1},"b":{"0":[1],"1":[1],"2":[0],"3":[1],"4":[1],"5":[1]}}
,"/home/tanguy/Seafile/Cours/acrobat/Code/septoblique-api/src/core/Database.ts": {"path":"/home/tanguy/Seafile/Cours/acrobat/Code/septoblique-api/src/core/Database.ts","statementMap":{"0":{"start":{"line":1,"column":0},"end":{"line":1,"column":38}},"1":{"start":{"line":2,"column":0},"end":{"line":2,"column":20}},"2":{"start":{"line":3,"column":0},"end":{"line":3,"column":24}},"3":{"start":{"line":4,"column":0},"end":{"line":4,"column":31}},"4":{"start":{"line":6,"column":21},"end":{"line":6,"column":57}},"5":{"start":{"line":8,"column":14},"end":{"line":8,"column":51}},"6":{"start":{"line":10,"column":0},"end":{"line":11,"column":44}},"7":{"start":{"line":11,"column":1},"end":{"line":11,"column":44}},"8":{"start":{"line":13,"column":0},"end":{"line":14,"column":48}},"9":{"start":{"line":14,"column":1},"end":{"line":14,"column":48}},"10":{"start":{"line":16,"column":0},"end":{"line":17,"column":41}},"11":{"start":{"line":17,"column":1},"end":{"line":17,"column":41}},"12":{"start":{"line":19,"column":17},"end":{"line":19,"column":110}},"13":{"start":{"line":21,"column":18},"end":{"line":29,"column":2}},"14":{"start":{"line":28,"column":19},"end":{"line":28,"column":59}},"15":{"start":{"line":33,"column":16},"end":{"line":33,"column":91}},"16":{"start":{"line":33,"column":64},"end":{"line":33,"column":90}},"17":{"start":{"line":36,"column":1},"end":{"line":39,"column":null}},"18":{"start":{"line":37,"column":19},"end":{"line":37,"column":67}},"19":{"start":{"line":38,"column":2},"end":{"line":38,"column":18}},"20":{"start":{"line":42,"column":1},"end":{"line":48,"column":null}},"21":{"start":{"line":43,"column":24},"end":{"line":43,"column":72}},"22":{"start":{"line":45,"column":2},"end":{"line":45,"column":26}},"23":{"start":{"line":45,"column":17},"end":{"line":45,"column":26}},"24":{"start":{"line":47,"column":2},"end":{"line":47,"column":14}},"25":{"start":{"line":50,"column":1},"end":{"line":50,"column":55}},"26":{"start":{"line":31,"column":0},"end":{"line":31,"column":null}}},"fnMap":{"0":{"name":"(anonymous_14)","decl":{"start":{"line":28,"column":10},"end":{"line":28,"column":11}},"loc":{"start":{"line":28,"column":19},"end":{"line":28,"column":59}}},"1":{"name":"default_1","decl":{"start":{"line":31,"column":0},"end":{"line":31,"column":null}},"loc":{"start":{"line":31,"column":0},"end":{"line":51,"column":null}}},"2":{"name":"(anonymous_17)","decl":{"start":{"line":33,"column":52},"end":{"line":33,"column":60}},"loc":{"start":{"line":33,"column":64},"end":{"line":33,"column":90}}},"3":{"name":"(anonymous_18)","decl":{"start":{"line":37,"column":19},"end":{"line":37,"column":32}},"loc":{"start":{"line":37,"column":19},"end":{"line":37,"column":67}}},"4":{"name":"(anonymous_19)","decl":{"start":{"line":43,"column":24},"end":{"line":43,"column":37}},"loc":{"start":{"line":43,"column":24},"end":{"line":43,"column":72}}}},"branchMap":{"0":{"loc":{"start":{"line":10,"column":0},"end":{"line":11,"column":44}},"type":"if","locations":[{"start":{"line":10,"column":0},"end":{"line":11,"column":44}}]},"1":{"loc":{"start":{"line":10,"column":3},"end":{"line":10,"column":63}},"type":"binary-expr","locations":[{"start":{"line":10,"column":3},"end":{"line":10,"column":29}},{"start":{"line":10,"column":33},"end":{"line":10,"column":63}}]},"2":{"loc":{"start":{"line":13,"column":0},"end":{"line":14,"column":48}},"type":"if","locations":[{"start":{"line":13,"column":0},"end":{"line":14,"column":48}}]},"3":{"loc":{"start":{"line":13,"column":3},"end":{"line":13,"column":59}},"type":"binary-expr","locations":[{"start":{"line":13,"column":3},"end":{"line":13,"column":29}},{"start":{"line":13,"column":33},"end":{"line":13,"column":59}}]},"4":{"loc":{"start":{"line":16,"column":0},"end":{"line":17,"column":41}},"type":"if","locations":[{"start":{"line":16,"column":0},"end":{"line":17,"column":41}}]},"5":{"loc":{"start":{"line":19,"column":17},"end":{"line":19,"column":110}},"type":"cond-expr","locations":[{"start":{"line":19,"column":51},"end":{"line":19,"column":84}},{"start":{"line":19,"column":87},"end":{"line":19,"column":110}}]},"6":{"loc":{"start":{"line":45,"column":2},"end":{"line":45,"column":26}},"type":"if","locations":[{"start":{"line":45,"column":2},"end":{"line":45,"column":26}}]}},"s":{"0":2,"1":2,"2":2,"3":2,"4":2,"5":2,"6":2,"7":0,"8":2,"9":0,"10":2,"11":0,"12":2,"13":2,"14":190,"15":2,"16":22,"17":2,"18":44,"19":22,"20":2,"21":44,"22":22,"23":2,"24":20,"25":2,"26":2},"f":{"0":190,"1":2,"2":22,"3":22,"4":22},"b":{"0":[0],"1":[2,2],"2":[0],"3":[2,2],"4":[0],"5":[2,0],"6":[2]}}
,"/home/tanguy/Seafile/Cours/acrobat/Code/septoblique-api/src/core/FileManagement.ts": {"path":"/home/tanguy/Seafile/Cours/acrobat/Code/septoblique-api/src/core/FileManagement.ts","statementMap":{"0":{"start":{"line":1,"column":0},"end":{"line":1,"column":52}},"1":{"start":{"line":4,"column":0},"end":{"line":4,"column":31}},"2":{"start":{"line":14,"column":2},"end":{"line":16,"column":null}},"3":{"start":{"line":15,"column":3},"end":{"line":15,"column":49}},"4":{"start":{"line":18,"column":2},"end":{"line":20,"column":null}},"5":{"start":{"line":19,"column":3},"end":{"line":19,"column":43}},"6":{"start":{"line":22,"column":2},"end":{"line":30,"column":5}},"7":{"start":{"line":32,"column":2},"end":{"line":32,"column":47}},"8":{"start":{"line":36,"column":2},"end":{"line":38,"column":null}},"9":{"start":{"line":37,"column":3},"end":{"line":37,"column":50}},"10":{"start":{"line":40,"column":2},"end":{"line":40,"column":33}},"11":{"start":{"line":44,"column":19},"end":{"line":44,"column":56}},"12":{"start":{"line":46,"column":2},"end":{"line":50,"column":null}},"13":{"start":{"line":46,"column":60},"end":{"line":46,"column":86}},"14":{"start":{"line":47,"column":3},"end":{"line":49,"column":16}},"15":{"start":{"line":54,"column":2},"end":{"line":57,"column":15}},"16":{"start":{"line":61,"column":2},"end":{"line":66,"column":15}},"17":{"start":{"line":70,"column":2},"end":{"line":73,"column":15}},"18":{"start":{"line":6,"column":0},"end":{"line":6,"column":21}},"19":{"start":{"line":8,"column":16},"end":{"line":8,"column":55}}},"fnMap":{"0":{"name":"(anonymous_8)","decl":{"start":{"line":12,"column":1},"end":{"line":12,"column":null}},"loc":{"start":{"line":12,"column":1},"end":{"line":33,"column":2}}},"1":{"name":"(anonymous_9)","decl":{"start":{"line":35,"column":8},"end":{"line":35,"column":14}},"loc":{"start":{"line":35,"column":18},"end":{"line":41,"column":2}}},"2":{"name":"(anonymous_10)","decl":{"start":{"line":43,"column":14},"end":{"line":43,"column":36}},"loc":{"start":{"line":43,"column":55},"end":{"line":51,"column":null}}},"3":{"name":"(anonymous_12)","decl":{"start":{"line":46,"column":50},"end":{"line":46,"column":56}},"loc":{"start":{"line":46,"column":60},"end":{"line":46,"column":86}}},"4":{"name":"(anonymous_13)","decl":{"start":{"line":53,"column":14},"end":{"line":53,"column":21}},"loc":{"start":{"line":53,"column":49},"end":{"line":58,"column":null}}},"5":{"name":"(anonymous_15)","decl":{"start":{"line":60,"column":14},"end":{"line":60,"column":24}},"loc":{"start":{"line":60,"column":77},"end":{"line":67,"column":null}}},"6":{"name":"(anonymous_17)","decl":{"start":{"line":69,"column":14},"end":{"line":69,"column":24}},"loc":{"start":{"line":69,"column":51},"end":{"line":74,"column":null}}}},"branchMap":{"0":{"loc":{"start":{"line":14,"column":2},"end":{"line":16,"column":null}},"type":"if","locations":[{"start":{"line":14,"column":2},"end":{"line":16,"column":null}}]},"1":{"loc":{"start":{"line":14,"column":5},"end":{"line":14,"column":71}},"type":"binary-expr","locations":[{"start":{"line":14,"column":5},"end":{"line":14,"column":34}},{"start":{"line":14,"column":38},"end":{"line":14,"column":71}}]},"2":{"loc":{"start":{"line":18,"column":2},"end":{"line":20,"column":null}},"type":"if","locations":[{"start":{"line":18,"column":2},"end":{"line":20,"column":null}}]},"3":{"loc":{"start":{"line":36,"column":2},"end":{"line":38,"column":null}},"type":"if","locations":[{"start":{"line":36,"column":2},"end":{"line":38,"column":null}}]},"4":{"loc":{"start":{"line":46,"column":2},"end":{"line":50,"column":null}},"type":"if","locations":[{"start":{"line":46,"column":2},"end":{"line":50,"column":null}}]},"5":{"loc":{"start":{"line":46,"column":5},"end":{"line":46,"column":88}},"type":"binary-expr","locations":[{"start":{"line":46,"column":5},"end":{"line":46,"column":22}},{"start":{"line":46,"column":26},"end":{"line":46,"column":88}}]}},"s":{"0":1,"1":1,"2":1,"3":0,"4":1,"5":0,"6":1,"7":1,"8":1,"9":1,"10":1,"11":1,"12":1,"13":5,"14":1,"15":0,"16":0,"17":0,"18":1,"19":1},"f":{"0":1,"1":1,"2":1,"3":5,"4":0,"5":0,"6":0},"b":{"0":[0],"1":[1,1],"2":[0],"3":[1],"4":[1],"5":[1,1]}}
,"/home/tanguy/Seafile/Cours/acrobat/Code/septoblique-api/src/core/Logger.ts": {"path":"/home/tanguy/Seafile/Cours/acrobat/Code/septoblique-api/src/core/Logger.ts","statementMap":{"0":{"start":{"line":1,"column":0},"end":{"line":1,"column":null}},"1":{"start":{"line":2,"column":1},"end":{"line":2,"column":null}},"2":{"start":{"line":3,"column":1},"end":{"line":3,"column":null}},"3":{"start":{"line":4,"column":1},"end":{"line":4,"column":null}},"4":{"start":{"line":5,"column":1},"end":{"line":5,"column":null}},"5":{"start":{"line":6,"column":1},"end":{"line":6,"column":null}},"6":{"start":{"line":14,"column":2},"end":{"line":14,"column":19}},"7":{"start":{"line":18,"column":2},"end":{"line":18,"column":19}},"8":{"start":{"line":22,"column":15},"end":{"line":22,"column":39}},"9":{"start":{"line":23,"column":15},"end":{"line":23,"column":66}},"10":{"start":{"line":25,"column":2},"end":{"line":27,"column":null}},"11":{"start":{"line":26,"column":3},"end":{"line":26,"column":34}},"12":{"start":{"line":32,"column":2},"end":{"line":34,"column":null}},"13":{"start":{"line":33,"column":3},"end":{"line":33,"column":53}},"14":{"start":{"line":38,"column":2},"end":{"line":38,"column":51}},"15":{"start":{"line":42,"column":2},"end":{"line":42,"column":51}},"16":{"start":{"line":46,"column":2},"end":{"line":46,"column":53}},"17":{"start":{"line":47,"column":2},"end":{"line":49,"column":null}},"18":{"start":{"line":48,"column":3},"end":{"line":48,"column":58}},"19":{"start":{"line":53,"column":2},"end":{"line":53,"column":53}},"20":{"start":{"line":54,"column":2},"end":{"line":56,"column":null}},"21":{"start":{"line":55,"column":3},"end":{"line":55,"column":58}},"22":{"start":{"line":57,"column":2},"end":{"line":57,"column":29}},"23":{"start":{"line":9,"column":0},"end":{"line":9,"column":13}},"24":{"start":{"line":71,"column":2},"end":{"line":72,"column":44}},"25":{"start":{"line":72,"column":3},"end":{"line":72,"column":44}},"26":{"start":{"line":74,"column":2},"end":{"line":74,"column":31}},"27":{"start":{"line":66,"column":0},"end":{"line":66,"column":21}},"28":{"start":{"line":68,"column":8},"end":{"line":68,"column":40}}},"fnMap":{"0":{"name":"(anonymous_0)","decl":{"start":{"line":1,"column":0},"end":{"line":1,"column":5}},"loc":{"start":{"line":1,"column":13},"end":{"line":7,"column":1}}},"1":{"name":"(anonymous_1)","decl":{"start":{"line":13,"column":1},"end":{"line":13,"column":13}},"loc":{"start":{"line":13,"column":25},"end":{"line":15,"column":2}}},"2":{"name":"(anonymous_2)","decl":{"start":{"line":17,"column":1},"end":{"line":17,"column":8}},"loc":{"start":{"line":17,"column":8},"end":{"line":19,"column":2}}},"3":{"name":"(anonymous_3)","decl":{"start":{"line":21,"column":9},"end":{"line":21,"column":14}},"loc":{"start":{"line":21,"column":79},"end":{"line":28,"column":2}}},"4":{"name":"(anonymous_4)","decl":{"start":{"line":30,"column":1},"end":{"line":30,"column":6}},"loc":{"start":{"line":30,"column":22},"end":{"line":35,"column":2}}},"5":{"name":"(anonymous_5)","decl":{"start":{"line":37,"column":1},"end":{"line":37,"column":5}},"loc":{"start":{"line":37,"column":21},"end":{"line":39,"column":2}}},"6":{"name":"(anonymous_6)","decl":{"start":{"line":41,"column":1},"end":{"line":41,"column":5}},"loc":{"start":{"line":41,"column":21},"end":{"line":43,"column":2}}},"7":{"name":"(anonymous_7)","decl":{"start":{"line":45,"column":1},"end":{"line":45,"column":6}},"loc":{"start":{"line":45,"column":43},"end":{"line":50,"column":2}}},"8":{"name":"(anonymous_8)","decl":{"start":{"line":52,"column":1},"end":{"line":52,"column":6}},"loc":{"start":{"line":52,"column":64},"end":{"line":58,"column":2}}},"9":{"name":"(anonymous_9)","decl":{"start":{"line":70,"column":1},"end":{"line":70,"column":7}},"loc":{"start":{"line":70,"column":30},"end":{"line":75,"column":2}}}},"branchMap":{"0":{"loc":{"start":{"line":1,"column":5},"end":{"line":1,"column":null}},"type":"binary-expr","locations":[{"start":{"line":1,"column":5},"end":{"line":1,"column":13}},{"start":{"line":1,"column":5},"end":{"line":1,"column":null}}]},"1":{"loc":{"start":{"line":32,"column":2},"end":{"line":34,"column":null}},"type":"if","locations":[{"start":{"line":32,"column":2},"end":{"line":34,"column":null}}]},"2":{"loc":{"start":{"line":47,"column":2},"end":{"line":49,"column":null}},"type":"if","locations":[{"start":{"line":47,"column":2},"end":{"line":49,"column":null}}]},"3":{"loc":{"start":{"line":47,"column":5},"end":{"line":47,"column":25}},"type":"binary-expr","locations":[{"start":{"line":47,"column":5},"end":{"line":47,"column":10}},{"start":{"line":47,"column":14},"end":{"line":47,"column":25}}]},"4":{"loc":{"start":{"line":54,"column":2},"end":{"line":56,"column":null}},"type":"if","locations":[{"start":{"line":54,"column":2},"end":{"line":56,"column":null}}]},"5":{"loc":{"start":{"line":54,"column":5},"end":{"line":54,"column":25}},"type":"binary-expr","locations":[{"start":{"line":54,"column":5},"end":{"line":54,"column":10}},{"start":{"line":54,"column":14},"end":{"line":54,"column":25}}]},"6":{"loc":{"start":{"line":57,"column":16},"end":{"line":57,"column":26}},"type":"cond-expr","locations":[{"start":{"line":57,"column":16},"end":{"line":57,"column":20}},{"start":{"line":57,"column":24},"end":{"line":57,"column":26}}]},"7":{"loc":{"start":{"line":57,"column":16},"end":{"line":57,"column":24}},"type":"binary-expr","locations":[{"start":{"line":57,"column":16},"end":{"line":57,"column":24}},{"start":{"line":57,"column":16},"end":{"line":57,"column":24}}]},"8":{"loc":{"start":{"line":71,"column":2},"end":{"line":72,"column":44}},"type":"if","locations":[{"start":{"line":71,"column":2},"end":{"line":72,"column":44}}]}},"s":{"0":2,"1":2,"2":2,"3":2,"4":2,"5":2,"6":3,"7":0,"8":1,"9":1,"10":1,"11":1,"12":190,"13":0,"14":1,"15":0,"16":0,"17":0,"18":0,"19":0,"20":0,"21":0,"22":0,"23":2,"24":191,"25":3,"26":191,"27":2,"28":2},"f":{"0":2,"1":3,"2":0,"3":1,"4":190,"5":1,"6":0,"7":0,"8":0,"9":191},"b":{"0":[2,2],"1":[0],"2":[0],"3":[0,0],"4":[0],"5":[0,0],"6":[0,0],"7":[0,0],"8":[3]}}
,"/home/tanguy/Seafile/Cours/acrobat/Code/septoblique-api/src/models/Day.ts": {"path":"/home/tanguy/Seafile/Cours/acrobat/Code/septoblique-api/src/models/Day.ts","statementMap":{"0":{"start":{"line":1,"column":0},"end":{"line":1,"column":244}},"1":{"start":{"line":3,"column":0},"end":{"line":3,"column":32}},"2":{"start":{"line":6,"column":0},"end":{"line":6,"column":13}},"3":{"start":{"line":22,"column":1},"end":{"line":38,"column":4}},"4":{"start":{"line":21,"column":0},"end":{"line":21,"column":16}},"5":{"start":{"line":42,"column":1},"end":{"line":44,"column":4}},"6":{"start":{"line":41,"column":0},"end":{"line":41,"column":16}}},"fnMap":{"0":{"name":"init","decl":{"start":{"line":21,"column":16},"end":{"line":21,"column":20}},"loc":{"start":{"line":21,"column":41},"end":{"line":39,"column":1}}},"1":{"name":"associate","decl":{"start":{"line":41,"column":16},"end":{"line":41,"column":25}},"loc":{"start":{"line":41,"column":25},"end":{"line":45,"column":1}}}},"branchMap":{},"s":{"0":2,"1":2,"2":2,"3":2,"4":2,"5":2,"6":2},"f":{"0":2,"1":2},"b":{}}
,"/home/tanguy/Seafile/Cours/acrobat/Code/septoblique-api/src/models/FileMetadata.ts": {"path":"/home/tanguy/Seafile/Cours/acrobat/Code/septoblique-api/src/models/FileMetadata.ts","statementMap":{"0":{"start":{"line":1,"column":0},"end":{"line":1,"column":56}},"1":{"start":{"line":2,"column":0},"end":{"line":2,"column":91}},"2":{"start":{"line":3,"column":0},"end":{"line":3,"column":52}},"3":{"start":{"line":5,"column":0},"end":{"line":5,"column":30}},"4":{"start":{"line":6,"column":0},"end":{"line":6,"column":32}},"5":{"start":{"line":7,"column":0},"end":{"line":7,"column":30}},"6":{"start":{"line":8,"column":0},"end":{"line":8,"column":30}},"7":{"start":{"line":10,"column":0},"end":{"line":10,"column":13}},"8":{"start":{"line":27,"column":1},"end":{"line":82,"column":4}},"9":{"start":{"line":26,"column":0},"end":{"line":26,"column":16}},"10":{"start":{"line":86,"column":1},"end":{"line":90,"column":4}},"11":{"start":{"line":92,"column":1},"end":{"line":96,"column":4}},"12":{"start":{"line":98,"column":1},"end":{"line":102,"column":4}},"13":{"start":{"line":104,"column":1},"end":{"line":108,"column":4}},"14":{"start":{"line":85,"column":0},"end":{"line":85,"column":16}}},"fnMap":{"0":{"name":"init","decl":{"start":{"line":26,"column":16},"end":{"line":26,"column":20}},"loc":{"start":{"line":26,"column":41},"end":{"line":83,"column":1}}},"1":{"name":"associate","decl":{"start":{"line":85,"column":16},"end":{"line":85,"column":25}},"loc":{"start":{"line":85,"column":25},"end":{"line":109,"column":1}}}},"branchMap":{},"s":{"0":2,"1":2,"2":2,"3":2,"4":2,"5":2,"6":2,"7":2,"8":2,"9":2,"10":2,"11":2,"12":2,"13":2,"14":2},"f":{"0":2,"1":2},"b":{}}
,"/home/tanguy/Seafile/Cours/acrobat/Code/septoblique-api/src/models/LogbookEntry.ts": {"path":"/home/tanguy/Seafile/Cours/acrobat/Code/septoblique-api/src/models/LogbookEntry.ts","statementMap":{"0":{"start":{"line":1,"column":0},"end":{"line":1,"column":56}},"1":{"start":{"line":3,"column":0},"end":{"line":3,"column":30}},"2":{"start":{"line":4,"column":0},"end":{"line":4,"column":30}},"3":{"start":{"line":6,"column":0},"end":{"line":6,"column":13}},"4":{"start":{"line":14,"column":1},"end":{"line":38,"column":4}},"5":{"start":{"line":13,"column":0},"end":{"line":13,"column":16}},"6":{"start":{"line":42,"column":1},"end":{"line":46,"column":4}},"7":{"start":{"line":48,"column":1},"end":{"line":52,"column":4}},"8":{"start":{"line":41,"column":0},"end":{"line":41,"column":16}}},"fnMap":{"0":{"name":"init","decl":{"start":{"line":13,"column":16},"end":{"line":13,"column":20}},"loc":{"start":{"line":13,"column":41},"end":{"line":39,"column":1}}},"1":{"name":"associate","decl":{"start":{"line":41,"column":16},"end":{"line":41,"column":25}},"loc":{"start":{"line":41,"column":25},"end":{"line":53,"column":1}}}},"branchMap":{},"s":{"0":2,"1":2,"2":2,"3":2,"4":2,"5":2,"6":2,"7":2,"8":2},"f":{"0":2,"1":2},"b":{}}
,"/home/tanguy/Seafile/Cours/acrobat/Code/septoblique-api/src/models/Path.ts": {"path":"/home/tanguy/Seafile/Cours/acrobat/Code/septoblique-api/src/models/Path.ts","statementMap":{"0":{"start":{"line":1,"column":0},"end":{"line":1,"column":70}},"1":{"start":{"line":3,"column":0},"end":{"line":3,"column":30}},"2":{"start":{"line":5,"column":0},"end":{"line":5,"column":13}},"3":{"start":{"line":15,"column":1},"end":{"line":27,"column":4}},"4":{"start":{"line":14,"column":0},"end":{"line":14,"column":16}},"5":{"start":{"line":31,"column":1},"end":{"line":36,"column":4}},"6":{"start":{"line":30,"column":0},"end":{"line":30,"column":16}}},"fnMap":{"0":{"name":"init","decl":{"start":{"line":14,"column":16},"end":{"line":14,"column":20}},"loc":{"start":{"line":14,"column":41},"end":{"line":28,"column":1}}},"1":{"name":"associate","decl":{"start":{"line":30,"column":16},"end":{"line":30,"column":25}},"loc":{"start":{"line":30,"column":25},"end":{"line":37,"column":1}}}},"branchMap":{},"s":{"0":2,"1":2,"2":2,"3":2,"4":2,"5":2,"6":2},"f":{"0":2,"1":2},"b":{}}
,"/home/tanguy/Seafile/Cours/acrobat/Code/septoblique-api/src/models/Point.ts": {"path":"/home/tanguy/Seafile/Cours/acrobat/Code/septoblique-api/src/models/Point.ts","statementMap":{"0":{"start":{"line":1,"column":0},"end":{"line":1,"column":null}},"1":{"start":{"line":14,"column":0},"end":{"line":14,"column":28}},"2":{"start":{"line":19,"column":0},"end":{"line":19,"column":13}},"3":{"start":{"line":44,"column":1},"end":{"line":76,"column":4}},"4":{"start":{"line":43,"column":0},"end":{"line":43,"column":16}},"5":{"start":{"line":80,"column":1},"end":{"line":82,"column":4}},"6":{"start":{"line":79,"column":0},"end":{"line":79,"column":16}}},"fnMap":{"0":{"name":"init","decl":{"start":{"line":43,"column":16},"end":{"line":43,"column":20}},"loc":{"start":{"line":43,"column":41},"end":{"line":77,"column":1}}},"1":{"name":"associate","decl":{"start":{"line":79,"column":16},"end":{"line":79,"column":25}},"loc":{"start":{"line":79,"column":25},"end":{"line":83,"column":1}}}},"branchMap":{},"s":{"0":2,"1":2,"2":2,"3":2,"4":2,"5":2,"6":2},"f":{"0":2,"1":2},"b":{}}
,"/home/tanguy/Seafile/Cours/acrobat/Code/septoblique-api/src/models/Spent.ts": {"path":"/home/tanguy/Seafile/Cours/acrobat/Code/septoblique-api/src/models/Spent.ts","statementMap":{"0":{"start":{"line":1,"column":0},"end":{"line":1,"column":192}},"1":{"start":{"line":2,"column":0},"end":{"line":2,"column":30}},"2":{"start":{"line":3,"column":0},"end":{"line":3,"column":83}},"3":{"start":{"line":4,"column":0},"end":{"line":4,"column":52}},"4":{"start":{"line":7,"column":0},"end":{"line":7,"column":13}},"5":{"start":{"line":23,"column":1},"end":{"line":49,"column":4}},"6":{"start":{"line":22,"column":0},"end":{"line":22,"column":16}},"7":{"start":{"line":53,"column":1},"end":{"line":57,"column":4}},"8":{"start":{"line":59,"column":1},"end":{"line":61,"column":4}},"9":{"start":{"line":52,"column":0},"end":{"line":52,"column":16}}},"fnMap":{"0":{"name":"init","decl":{"start":{"line":22,"column":16},"end":{"line":22,"column":20}},"loc":{"start":{"line":22,"column":41},"end":{"line":50,"column":1}}},"1":{"name":"associate","decl":{"start":{"line":52,"column":16},"end":{"line":52,"column":25}},"loc":{"start":{"line":52,"column":25},"end":{"line":62,"column":1}}}},"branchMap":{},"s":{"0":2,"1":2,"2":2,"3":2,"4":2,"5":2,"6":2,"7":2,"8":2,"9":2},"f":{"0":2,"1":2},"b":{}}
,"/home/tanguy/Seafile/Cours/acrobat/Code/septoblique-api/src/models/Step.ts": {"path":"/home/tanguy/Seafile/Cours/acrobat/Code/septoblique-api/src/models/Step.ts","statementMap":{"0":{"start":{"line":1,"column":0},"end":{"line":1,"column":99}},"1":{"start":{"line":4,"column":0},"end":{"line":4,"column":28}},"2":{"start":{"line":5,"column":0},"end":{"line":5,"column":32}},"3":{"start":{"line":8,"column":0},"end":{"line":8,"column":13}},"4":{"start":{"line":25,"column":1},"end":{"line":58,"column":4}},"5":{"start":{"line":24,"column":0},"end":{"line":24,"column":16}},"6":{"start":{"line":62,"column":1},"end":{"line":66,"column":4}},"7":{"start":{"line":68,"column":1},"end":{"line":73,"column":4}},"8":{"start":{"line":61,"column":0},"end":{"line":61,"column":16}}},"fnMap":{"0":{"name":"init","decl":{"start":{"line":24,"column":16},"end":{"line":24,"column":20}},"loc":{"start":{"line":24,"column":41},"end":{"line":59,"column":1}}},"1":{"name":"associate","decl":{"start":{"line":61,"column":16},"end":{"line":61,"column":25}},"loc":{"start":{"line":61,"column":25},"end":{"line":74,"column":1}}}},"branchMap":{},"s":{"0":2,"1":2,"2":2,"3":2,"4":2,"5":2,"6":2,"7":2,"8":2},"f":{"0":2,"1":2},"b":{}}
,"/home/tanguy/Seafile/Cours/acrobat/Code/septoblique-api/src/models/TodoEntry.ts": {"path":"/home/tanguy/Seafile/Cours/acrobat/Code/septoblique-api/src/models/TodoEntry.ts","statementMap":{"0":{"start":{"line":1,"column":0},"end":{"line":1,"column":56}},"1":{"start":{"line":2,"column":0},"end":{"line":2,"column":86}},"2":{"start":{"line":3,"column":0},"end":{"line":3,"column":52}},"3":{"start":{"line":4,"column":0},"end":{"line":4,"column":30}},"4":{"start":{"line":5,"column":0},"end":{"line":5,"column":32}},"5":{"start":{"line":6,"column":0},"end":{"line":6,"column":30}},"6":{"start":{"line":7,"column":0},"end":{"line":7,"column":30}},"7":{"start":{"line":10,"column":0},"end":{"line":10,"column":13}},"8":{"start":{"line":23,"column":1},"end":{"line":63,"column":4}},"9":{"start":{"line":22,"column":0},"end":{"line":22,"column":16}},"10":{"start":{"line":67,"column":1},"end":{"line":71,"column":4}},"11":{"start":{"line":73,"column":1},"end":{"line":77,"column":4}},"12":{"start":{"line":79,"column":1},"end":{"line":83,"column":4}},"13":{"start":{"line":85,"column":1},"end":{"line":89,"column":4}},"14":{"start":{"line":66,"column":0},"end":{"line":66,"column":16}}},"fnMap":{"0":{"name":"init","decl":{"start":{"line":22,"column":16},"end":{"line":22,"column":20}},"loc":{"start":{"line":22,"column":41},"end":{"line":64,"column":1}}},"1":{"name":"associate","decl":{"start":{"line":66,"column":16},"end":{"line":66,"column":25}},"loc":{"start":{"line":66,"column":25},"end":{"line":90,"column":1}}}},"branchMap":{},"s":{"0":2,"1":2,"2":2,"3":2,"4":2,"5":2,"6":2,"7":2,"8":2,"9":2,"10":2,"11":2,"12":2,"13":2,"14":2},"f":{"0":2,"1":2},"b":{}}
,"/home/tanguy/Seafile/Cours/acrobat/Code/septoblique-api/src/models/Travelers.ts": {"path":"/home/tanguy/Seafile/Cours/acrobat/Code/septoblique-api/src/models/Travelers.ts","statementMap":{"0":{"start":{"line":1,"column":0},"end":{"line":1,"column":56}},"1":{"start":{"line":4,"column":0},"end":{"line":4,"column":13}},"2":{"start":{"line":15,"column":1},"end":{"line":28,"column":4}},"3":{"start":{"line":14,"column":0},"end":{"line":14,"column":16}}},"fnMap":{"0":{"name":"init","decl":{"start":{"line":14,"column":16},"end":{"line":14,"column":20}},"loc":{"start":{"line":14,"column":41},"end":{"line":29,"column":1}}}},"branchMap":{},"s":{"0":2,"1":2,"2":2,"3":2},"f":{"0":2},"b":{}}
,"/home/tanguy/Seafile/Cours/acrobat/Code/septoblique-api/src/models/Trip.ts": {"path":"/home/tanguy/Seafile/Cours/acrobat/Code/septoblique-api/src/models/Trip.ts","statementMap":{"0":{"start":{"line":1,"column":0},"end":{"line":1,"column":235}},"1":{"start":{"line":4,"column":0},"end":{"line":4,"column":32}},"2":{"start":{"line":5,"column":0},"end":{"line":5,"column":30}},"3":{"start":{"line":6,"column":0},"end":{"line":6,"column":30}},"4":{"start":{"line":9,"column":0},"end":{"line":9,"column":13}},"5":{"start":{"line":31,"column":1},"end":{"line":59,"column":4}},"6":{"start":{"line":30,"column":0},"end":{"line":30,"column":16}},"7":{"start":{"line":63,"column":1},"end":{"line":67,"column":4}},"8":{"start":{"line":69,"column":1},"end":{"line":74,"column":4}},"9":{"start":{"line":76,"column":1},"end":{"line":81,"column":4}},"10":{"start":{"line":62,"column":0},"end":{"line":62,"column":16}}},"fnMap":{"0":{"name":"init","decl":{"start":{"line":30,"column":16},"end":{"line":30,"column":20}},"loc":{"start":{"line":30,"column":41},"end":{"line":60,"column":1}}},"1":{"name":"associate","decl":{"start":{"line":62,"column":16},"end":{"line":62,"column":25}},"loc":{"start":{"line":62,"column":25},"end":{"line":82,"column":1}}}},"branchMap":{},"s":{"0":2,"1":2,"2":2,"3":2,"4":2,"5":2,"6":2,"7":2,"8":2,"9":2,"10":2},"f":{"0":2,"1":2},"b":{}}
,"/home/tanguy/Seafile/Cours/acrobat/Code/septoblique-api/src/models/User.ts": {"path":"/home/tanguy/Seafile/Cours/acrobat/Code/septoblique-api/src/models/User.ts","statementMap":{"0":{"start":{"line":1,"column":0},"end":{"line":1,"column":134}},"1":{"start":{"line":3,"column":0},"end":{"line":3,"column":32}},"2":{"start":{"line":4,"column":0},"end":{"line":4,"column":30}},"3":{"start":{"line":6,"column":0},"end":{"line":6,"column":13}},"4":{"start":{"line":22,"column":1},"end":{"line":54,"column":4}},"5":{"start":{"line":21,"column":0},"end":{"line":21,"column":16}},"6":{"start":{"line":58,"column":1},"end":{"line":62,"column":4}},"7":{"start":{"line":64,"column":1},"end":{"line":68,"column":4}},"8":{"start":{"line":70,"column":1},"end":{"line":73,"column":4}},"9":{"start":{"line":57,"column":0},"end":{"line":57,"column":16}}},"fnMap":{"0":{"name":"init","decl":{"start":{"line":21,"column":16},"end":{"line":21,"column":20}},"loc":{"start":{"line":21,"column":41},"end":{"line":55,"column":1}}},"1":{"name":"associate","decl":{"start":{"line":57,"column":16},"end":{"line":57,"column":25}},"loc":{"start":{"line":57,"column":25},"end":{"line":74,"column":1}}}},"branchMap":{},"s":{"0":2,"1":2,"2":2,"3":2,"4":2,"5":2,"6":2,"7":2,"8":2,"9":2},"f":{"0":2,"1":2},"b":{}}
,"/home/tanguy/Seafile/Cours/acrobat/Code/septoblique-api/src/types/models/Common.ts": {"path":"/home/tanguy/Seafile/Cours/acrobat/Code/septoblique-api/src/types/models/Common.ts","statementMap":{"0":{"start":{"line":10,"column":1},"end":{"line":12,"column":3}},"1":{"start":{"line":9,"column":0},"end":{"line":9,"column":16}}},"fnMap":{"0":{"name":"isCommonAttributes","decl":{"start":{"line":9,"column":16},"end":{"line":9,"column":34}},"loc":{"start":{"line":9,"column":50},"end":{"line":13,"column":1}}}},"branchMap":{},"s":{"0":0,"1":2},"f":{"0":0},"b":{}}
,"/home/tanguy/Seafile/Cours/acrobat/Code/septoblique-api/src/types/models/File.ts": {"path":"/home/tanguy/Seafile/Cours/acrobat/Code/septoblique-api/src/types/models/File.ts","statementMap":{"0":{"start":{"line":1,"column":0},"end":{"line":1,"column":46}},"1":{"start":{"line":2,"column":0},"end":{"line":2,"column":63}},"2":{"start":{"line":3,"column":0},"end":{"line":3,"column":64}},"3":{"start":{"line":6,"column":0},"end":{"line":6,"column":null}},"4":{"start":{"line":7,"column":1},"end":{"line":7,"column":null}},"5":{"start":{"line":8,"column":1},"end":{"line":8,"column":null}},"6":{"start":{"line":29,"column":1},"end":{"line":32,"column":3}},"7":{"start":{"line":28,"column":0},"end":{"line":28,"column":16}},"8":{"start":{"line":36,"column":1},"end":{"line":42,"column":3}},"9":{"start":{"line":35,"column":0},"end":{"line":35,"column":16}},"10":{"start":{"line":46,"column":1},"end":{"line":48,"column":3}},"11":{"start":{"line":45,"column":0},"end":{"line":45,"column":16}},"12":{"start":{"line":52,"column":1},"end":{"line":56,"column":3}},"13":{"start":{"line":51,"column":0},"end":{"line":51,"column":16}},"14":{"start":{"line":60,"column":1},"end":{"line":60,"column":63}},"15":{"start":{"line":60,"column":33},"end":{"line":60,"column":60}},"16":{"start":{"line":59,"column":0},"end":{"line":59,"column":16}}},"fnMap":{"0":{"name":"(anonymous_0)","decl":{"start":{"line":6,"column":0},"end":{"line":6,"column":12}},"loc":{"start":{"line":6,"column":20},"end":{"line":9,"column":1}}},"1":{"name":"isFileType","decl":{"start":{"line":28,"column":16},"end":{"line":28,"column":26}},"loc":{"start":{"line":28,"column":42},"end":{"line":33,"column":1}}},"2":{"name":"isFileMetadataAttributes","decl":{"start":{"line":35,"column":16},"end":{"line":35,"column":40}},"loc":{"start":{"line":35,"column":56},"end":{"line":43,"column":1}}},"3":{"name":"isFileMetadataInput","decl":{"start":{"line":45,"column":16},"end":{"line":45,"column":35}},"loc":{"start":{"line":45,"column":51},"end":{"line":49,"column":1}}},"4":{"name":"isFileMetadataOuput","decl":{"start":{"line":51,"column":16},"end":{"line":51,"column":35}},"loc":{"start":{"line":51,"column":51},"end":{"line":57,"column":1}}},"5":{"name":"isFileMetadataOuputArray","decl":{"start":{"line":59,"column":16},"end":{"line":59,"column":40}},"loc":{"start":{"line":59,"column":59},"end":{"line":61,"column":1}}},"6":{"name":"(anonymous_6)","decl":{"start":{"line":60,"column":23},"end":{"line":60,"column":29}},"loc":{"start":{"line":60,"column":33},"end":{"line":60,"column":60}}}},"branchMap":{"0":{"loc":{"start":{"line":6,"column":12},"end":{"line":6,"column":null}},"type":"binary-expr","locations":[{"start":{"line":6,"column":12},"end":{"line":6,"column":20}},{"start":{"line":6,"column":12},"end":{"line":6,"column":null}}]},"1":{"loc":{"start":{"line":30,"column":2},"end":{"line":31,"column":42}},"type":"binary-expr","locations":[{"start":{"line":30,"column":2},"end":{"line":30,"column":28}},{"start":{"line":31,"column":2},"end":{"line":31,"column":42}}]},"2":{"loc":{"start":{"line":37,"column":3},"end":{"line":41,"column":63}},"type":"binary-expr","locations":[{"start":{"line":37,"column":3},"end":{"line":37,"column":55}},{"start":{"line":38,"column":3},"end":{"line":38,"column":60}},{"start":{"line":39,"column":3},"end":{"line":39,"column":59}},{"start":{"line":40,"column":2},"end":{"line":40,"column":59}},{"start":{"line":41,"column":2},"end":{"line":41,"column":63}}]},"3":{"loc":{"start":{"line":53,"column":3},"end":{"line":55,"column":28}},"type":"binary-expr","locations":[{"start":{"line":53,"column":3},"end":{"line":53,"column":57}},{"start":{"line":54,"column":2},"end":{"line":54,"column":34}},{"start":{"line":55,"column":2},"end":{"line":55,"column":28}}]}},"s":{"0":2,"1":2,"2":2,"3":2,"4":2,"5":2,"6":0,"7":2,"8":0,"9":2,"10":0,"11":2,"12":0,"13":2,"14":0,"15":0,"16":2},"f":{"0":2,"1":0,"2":0,"3":0,"4":0,"5":0,"6":0},"b":{"0":[2,2],"1":[0,0],"2":[0,0,0,0,0],"3":[0,0,0]}}
,"/home/tanguy/Seafile/Cours/acrobat/Code/septoblique-api/src/types/models/Spent.ts": {"path":"/home/tanguy/Seafile/Cours/acrobat/Code/septoblique-api/src/types/models/Spent.ts","statementMap":{"0":{"start":{"line":1,"column":0},"end":{"line":1,"column":46}},"1":{"start":{"line":2,"column":0},"end":{"line":2,"column":64}},"2":{"start":{"line":5,"column":0},"end":{"line":5,"column":null}},"3":{"start":{"line":6,"column":1},"end":{"line":6,"column":null}},"4":{"start":{"line":7,"column":1},"end":{"line":7,"column":null}},"5":{"start":{"line":8,"column":1},"end":{"line":8,"column":null}},"6":{"start":{"line":9,"column":1},"end":{"line":9,"column":null}},"7":{"start":{"line":10,"column":1},"end":{"line":10,"column":null}},"8":{"start":{"line":26,"column":1},"end":{"line":29,"column":3}},"9":{"start":{"line":25,"column":0},"end":{"line":25,"column":16}},"10":{"start":{"line":33,"column":1},"end":{"line":38,"column":3}},"11":{"start":{"line":32,"column":0},"end":{"line":32,"column":16}},"12":{"start":{"line":42,"column":1},"end":{"line":44,"column":3}},"13":{"start":{"line":41,"column":0},"end":{"line":41,"column":16}},"14":{"start":{"line":48,"column":1},"end":{"line":51,"column":3}},"15":{"start":{"line":47,"column":0},"end":{"line":47,"column":16}},"16":{"start":{"line":55,"column":1},"end":{"line":55,"column":57}},"17":{"start":{"line":55,"column":33},"end":{"line":55,"column":54}},"18":{"start":{"line":54,"column":0},"end":{"line":54,"column":16}}},"fnMap":{"0":{"name":"(anonymous_0)","decl":{"start":{"line":5,"column":0},"end":{"line":5,"column":12}},"loc":{"start":{"line":5,"column":25},"end":{"line":11,"column":1}}},"1":{"name":"isSpentCategory","decl":{"start":{"line":25,"column":16},"end":{"line":25,"column":31}},"loc":{"start":{"line":25,"column":47},"end":{"line":30,"column":1}}},"2":{"name":"isSpentAttributes","decl":{"start":{"line":32,"column":16},"end":{"line":32,"column":33}},"loc":{"start":{"line":32,"column":49},"end":{"line":39,"column":1}}},"3":{"name":"isSpentInput","decl":{"start":{"line":41,"column":16},"end":{"line":41,"column":28}},"loc":{"start":{"line":41,"column":44},"end":{"line":45,"column":1}}},"4":{"name":"isSpentOutput","decl":{"start":{"line":47,"column":16},"end":{"line":47,"column":29}},"loc":{"start":{"line":47,"column":45},"end":{"line":52,"column":1}}},"5":{"name":"isSpentOutputArray","decl":{"start":{"line":54,"column":16},"end":{"line":54,"column":34}},"loc":{"start":{"line":54,"column":53},"end":{"line":56,"column":1}}},"6":{"name":"(anonymous_6)","decl":{"start":{"line":55,"column":23},"end":{"line":55,"column":29}},"loc":{"start":{"line":55,"column":33},"end":{"line":55,"column":54}}}},"branchMap":{"0":{"loc":{"start":{"line":5,"column":12},"end":{"line":5,"column":null}},"type":"binary-expr","locations":[{"start":{"line":5,"column":12},"end":{"line":5,"column":25}},{"start":{"line":5,"column":12},"end":{"line":5,"column":null}}]},"1":{"loc":{"start":{"line":27,"column":2},"end":{"line":28,"column":47}},"type":"binary-expr","locations":[{"start":{"line":27,"column":2},"end":{"line":27,"column":28}},{"start":{"line":28,"column":2},"end":{"line":28,"column":47}}]},"2":{"loc":{"start":{"line":34,"column":3},"end":{"line":37,"column":55}},"type":"binary-expr","locations":[{"start":{"line":34,"column":3},"end":{"line":34,"column":52}},{"start":{"line":35,"column":3},"end":{"line":35,"column":50}},{"start":{"line":36,"column":3},"end":{"line":36,"column":50}},{"start":{"line":37,"column":2},"end":{"line":37,"column":55}}]},"3":{"loc":{"start":{"line":49,"column":2},"end":{"line":50,"column":28}},"type":"binary-expr","locations":[{"start":{"line":49,"column":2},"end":{"line":49,"column":27}},{"start":{"line":50,"column":2},"end":{"line":50,"column":28}}]}},"s":{"0":2,"1":2,"2":2,"3":2,"4":2,"5":2,"6":2,"7":2,"8":0,"9":2,"10":0,"11":2,"12":0,"13":2,"14":0,"15":2,"16":0,"17":0,"18":2},"f":{"0":2,"1":0,"2":0,"3":0,"4":0,"5":0,"6":0},"b":{"0":[2,2],"1":[0,0],"2":[0,0,0,0],"3":[0,0]}}
,"/home/tanguy/Seafile/Cours/acrobat/Code/septoblique-api/src/types/models/Todo.ts": {"path":"/home/tanguy/Seafile/Cours/acrobat/Code/septoblique-api/src/types/models/Todo.ts","statementMap":{"0":{"start":{"line":1,"column":0},"end":{"line":1,"column":46}},"1":{"start":{"line":2,"column":0},"end":{"line":2,"column":64}},"2":{"start":{"line":5,"column":0},"end":{"line":5,"column":null}},"3":{"start":{"line":6,"column":1},"end":{"line":6,"column":null}},"4":{"start":{"line":7,"column":1},"end":{"line":7,"column":null}},"5":{"start":{"line":8,"column":1},"end":{"line":8,"column":null}},"6":{"start":{"line":27,"column":1},"end":{"line":30,"column":3}},"7":{"start":{"line":26,"column":0},"end":{"line":26,"column":16}},"8":{"start":{"line":34,"column":1},"end":{"line":38,"column":3}},"9":{"start":{"line":33,"column":0},"end":{"line":33,"column":16}},"10":{"start":{"line":42,"column":1},"end":{"line":44,"column":3}},"11":{"start":{"line":41,"column":0},"end":{"line":41,"column":16}},"12":{"start":{"line":48,"column":1},"end":{"line":51,"column":3}},"13":{"start":{"line":47,"column":0},"end":{"line":47,"column":16}},"14":{"start":{"line":55,"column":1},"end":{"line":57,"column":3}},"15":{"start":{"line":56,"column":27},"end":{"line":56,"column":52}},"16":{"start":{"line":54,"column":0},"end":{"line":54,"column":16}}},"fnMap":{"0":{"name":"(anonymous_0)","decl":{"start":{"line":5,"column":0},"end":{"line":5,"column":12}},"loc":{"start":{"line":5,"column":21},"end":{"line":9,"column":1}}},"1":{"name":"isTodoState","decl":{"start":{"line":26,"column":16},"end":{"line":26,"column":27}},"loc":{"start":{"line":26,"column":43},"end":{"line":31,"column":1}}},"2":{"name":"isTodoEntryAttributes","decl":{"start":{"line":33,"column":16},"end":{"line":33,"column":37}},"loc":{"start":{"line":33,"column":53},"end":{"line":39,"column":1}}},"3":{"name":"isTodoEntryInput","decl":{"start":{"line":41,"column":16},"end":{"line":41,"column":32}},"loc":{"start":{"line":41,"column":48},"end":{"line":45,"column":1}}},"4":{"name":"isTodoEntryOutput","decl":{"start":{"line":47,"column":16},"end":{"line":47,"column":33}},"loc":{"start":{"line":47,"column":49},"end":{"line":52,"column":1}}},"5":{"name":"isTodoEntryOutputArray","decl":{"start":{"line":54,"column":16},"end":{"line":54,"column":38}},"loc":{"start":{"line":54,"column":57},"end":{"line":58,"column":1}}},"6":{"name":"(anonymous_6)","decl":{"start":{"line":56,"column":17},"end":{"line":56,"column":23}},"loc":{"start":{"line":56,"column":27},"end":{"line":56,"column":52}}}},"branchMap":{"0":{"loc":{"start":{"line":5,"column":12},"end":{"line":5,"column":null}},"type":"binary-expr","locations":[{"start":{"line":5,"column":12},"end":{"line":5,"column":21}},{"start":{"line":5,"column":12},"end":{"line":5,"column":null}}]},"1":{"loc":{"start":{"line":28,"column":2},"end":{"line":29,"column":43}},"type":"binary-expr","locations":[{"start":{"line":28,"column":2},"end":{"line":28,"column":28}},{"start":{"line":29,"column":2},"end":{"line":29,"column":43}}]},"2":{"loc":{"start":{"line":35,"column":3},"end":{"line":37,"column":52}},"type":"binary-expr","locations":[{"start":{"line":35,"column":3},"end":{"line":35,"column":53}},{"start":{"line":36,"column":3},"end":{"line":36,"column":54}},{"start":{"line":37,"column":2},"end":{"line":37,"column":52}}]},"3":{"loc":{"start":{"line":49,"column":2},"end":{"line":50,"column":28}},"type":"binary-expr","locations":[{"start":{"line":49,"column":2},"end":{"line":49,"column":31}},{"start":{"line":50,"column":2},"end":{"line":50,"column":28}}]}},"s":{"0":2,"1":2,"2":2,"3":2,"4":2,"5":2,"6":0,"7":2,"8":0,"9":2,"10":0,"11":2,"12":0,"13":2,"14":0,"15":0,"16":2},"f":{"0":2,"1":0,"2":0,"3":0,"4":0,"5":0,"6":0},"b":{"0":[2,2],"1":[0,0],"2":[0,0,0],"3":[0,0]}}
,"/home/tanguy/Seafile/Cours/acrobat/Code/septoblique-api/src/types/models/Trip.ts": {"path":"/home/tanguy/Seafile/Cours/acrobat/Code/septoblique-api/src/types/models/Trip.ts","statementMap":{"0":{"start":{"line":1,"column":0},"end":{"line":1,"column":63}},"1":{"start":{"line":2,"column":0},"end":{"line":2,"column":64}},"2":{"start":{"line":19,"column":1},"end":{"line":23,"column":3}},"3":{"start":{"line":18,"column":0},"end":{"line":18,"column":16}},"4":{"start":{"line":27,"column":1},"end":{"line":29,"column":3}},"5":{"start":{"line":26,"column":0},"end":{"line":26,"column":16}},"6":{"start":{"line":33,"column":1},"end":{"line":36,"column":3}},"7":{"start":{"line":32,"column":0},"end":{"line":32,"column":16}},"8":{"start":{"line":40,"column":1},"end":{"line":40,"column":56}},"9":{"start":{"line":40,"column":33},"end":{"line":40,"column":53}},"10":{"start":{"line":39,"column":0},"end":{"line":39,"column":16}}},"fnMap":{"0":{"name":"isTripAttributes","decl":{"start":{"line":18,"column":16},"end":{"line":18,"column":32}},"loc":{"start":{"line":18,"column":48},"end":{"line":24,"column":1}}},"1":{"name":"isTripInput","decl":{"start":{"line":26,"column":16},"end":{"line":26,"column":27}},"loc":{"start":{"line":26,"column":43},"end":{"line":30,"column":1}}},"2":{"name":"isTripOutput","decl":{"start":{"line":32,"column":16},"end":{"line":32,"column":28}},"loc":{"start":{"line":32,"column":44},"end":{"line":37,"column":1}}},"3":{"name":"isTripOutputArray","decl":{"start":{"line":39,"column":16},"end":{"line":39,"column":33}},"loc":{"start":{"line":39,"column":52},"end":{"line":41,"column":1}}},"4":{"name":"(anonymous_4)","decl":{"start":{"line":40,"column":23},"end":{"line":40,"column":29}},"loc":{"start":{"line":40,"column":33},"end":{"line":40,"column":53}}}},"branchMap":{"0":{"loc":{"start":{"line":20,"column":3},"end":{"line":22,"column":61}},"type":"binary-expr","locations":[{"start":{"line":20,"column":3},"end":{"line":20,"column":47}},{"start":{"line":21,"column":9},"end":{"line":21,"column":57}},{"start":{"line":22,"column":8},"end":{"line":22,"column":61}}]},"1":{"loc":{"start":{"line":34,"column":2},"end":{"line":35,"column":28}},"type":"binary-expr","locations":[{"start":{"line":34,"column":2},"end":{"line":34,"column":26}},{"start":{"line":35,"column":2},"end":{"line":35,"column":28}}]}},"s":{"0":1,"1":1,"2":2,"3":1,"4":2,"5":1,"6":0,"7":1,"8":0,"9":0,"10":1},"f":{"0":2,"1":2,"2":0,"3":0,"4":0},"b":{"0":[2,1,1],"1":[0,0]}}
,"/home/tanguy/Seafile/Cours/acrobat/Code/septoblique-api/src/types/utils/Credentials.ts": {"path":"/home/tanguy/Seafile/Cours/acrobat/Code/septoblique-api/src/types/utils/Credentials.ts","statementMap":{"0":{"start":{"line":14,"column":1},"end":{"line":17,"column":3}},"1":{"start":{"line":13,"column":0},"end":{"line":13,"column":16}},"2":{"start":{"line":21,"column":1},"end":{"line":25,"column":3}},"3":{"start":{"line":20,"column":0},"end":{"line":20,"column":16}}},"fnMap":{"0":{"name":"isLoginCredentials","decl":{"start":{"line":13,"column":16},"end":{"line":13,"column":34}},"loc":{"start":{"line":13,"column":50},"end":{"line":18,"column":1}}},"1":{"name":"isRegisterCredentials","decl":{"start":{"line":20,"column":16},"end":{"line":20,"column":37}},"loc":{"start":{"line":20,"column":53},"end":{"line":26,"column":1}}}},"branchMap":{"0":{"loc":{"start":{"line":15,"column":3},"end":{"line":16,"column":59}},"type":"binary-expr","locations":[{"start":{"line":15,"column":3},"end":{"line":15,"column":50}},{"start":{"line":16,"column":9},"end":{"line":16,"column":59}}]},"1":{"loc":{"start":{"line":22,"column":3},"end":{"line":24,"column":34}},"type":"binary-expr","locations":[{"start":{"line":22,"column":3},"end":{"line":22,"column":57}},{"start":{"line":23,"column":9},"end":{"line":23,"column":62}},{"start":{"line":24,"column":8},"end":{"line":24,"column":34}}]}},"s":{"0":8,"1":2,"2":5,"3":2},"f":{"0":8,"1":5},"b":{"0":[8,7],"1":[5,4,4]}}
,"/home/tanguy/Seafile/Cours/acrobat/Code/septoblique-api/src/types/utils/Enum.ts": {"path":"/home/tanguy/Seafile/Cours/acrobat/Code/septoblique-api/src/types/utils/Enum.ts","statementMap":{"0":{"start":{"line":6,"column":1},"end":{"line":6,"column":40}},"1":{"start":{"line":6,"column":33},"end":{"line":6,"column":37}},"2":{"start":{"line":5,"column":0},"end":{"line":5,"column":16}}},"fnMap":{"0":{"name":"getEnumValues","decl":{"start":{"line":5,"column":16},"end":{"line":5,"column":29}},"loc":{"start":{"line":5,"column":49},"end":{"line":7,"column":1}}},"1":{"name":"(anonymous_1)","decl":{"start":{"line":6,"column":28},"end":{"line":6,"column":29}},"loc":{"start":{"line":6,"column":33},"end":{"line":6,"column":37}}}},"branchMap":{},"s":{"0":6,"1":20,"2":2},"f":{"0":6,"1":20},"b":{}}
,"/home/tanguy/Seafile/Cours/acrobat/Code/septoblique-api/src/types/utils/Visibility.ts": {"path":"/home/tanguy/Seafile/Cours/acrobat/Code/septoblique-api/src/types/utils/Visibility.ts","statementMap":{"0":{"start":{"line":4,"column":1},"end":{"line":7,"column":3}},"1":{"start":{"line":3,"column":0},"end":{"line":3,"column":16}}},"fnMap":{"0":{"name":"isVisibility","decl":{"start":{"line":3,"column":16},"end":{"line":3,"column":28}},"loc":{"start":{"line":3,"column":44},"end":{"line":8,"column":1}}}},"branchMap":{"0":{"loc":{"start":{"line":5,"column":2},"end":{"line":6,"column":22}},"type":"binary-expr","locations":[{"start":{"line":5,"column":2},"end":{"line":5,"column":21}},{"start":{"line":6,"column":2},"end":{"line":6,"column":22}}]}},"s":{"0":2,"1":2},"f":{"0":2},"b":{"0":[2,1]}}
,"/home/tanguy/Seafile/Cours/acrobat/Code/septoblique-api/src/utils/Hash.ts": {"path":"/home/tanguy/Seafile/Cours/acrobat/Code/septoblique-api/src/utils/Hash.ts","statementMap":{"0":{"start":{"line":1,"column":0},"end":{"line":1,"column":28}},"1":{"start":{"line":8,"column":2},"end":{"line":8,"column":45}},"2":{"start":{"line":12,"column":2},"end":{"line":12,"column":46}},"3":{"start":{"line":16,"column":2},"end":{"line":16,"column":44}},"4":{"start":{"line":20,"column":2},"end":{"line":20,"column":19}},"5":{"start":{"line":3,"column":0},"end":{"line":3,"column":21}}},"fnMap":{"0":{"name":"(anonymous_1)","decl":{"start":{"line":7,"column":1},"end":{"line":7,"column":13}},"loc":{"start":{"line":7,"column":26},"end":{"line":9,"column":2}}},"1":{"name":"(anonymous_2)","decl":{"start":{"line":11,"column":1},"end":{"line":11,"column":5}},"loc":{"start":{"line":11,"column":22},"end":{"line":13,"column":2}}},"2":{"name":"(anonymous_3)","decl":{"start":{"line":15,"column":1},"end":{"line":15,"column":8}},"loc":{"start":{"line":15,"column":39},"end":{"line":17,"column":2}}},"3":{"name":"(anonymous_4)","decl":{"start":{"line":19,"column":1},"end":{"line":19,"column":8}},"loc":{"start":{"line":19,"column":8},"end":{"line":21,"column":2}}}},"branchMap":{"0":{"loc":{"start":{"line":8,"column":14},"end":{"line":8,"column":44}},"type":"cond-expr","locations":[{"start":{"line":8,"column":14},"end":{"line":8,"column":18}},{"start":{"line":8,"column":22},"end":{"line":8,"column":44}}]},"1":{"loc":{"start":{"line":8,"column":14},"end":{"line":8,"column":22}},"type":"binary-expr","locations":[{"start":{"line":8,"column":14},"end":{"line":8,"column":22}},{"start":{"line":8,"column":14},"end":{"line":8,"column":22}}]}},"s":{"0":2,"1":5,"2":3,"3":2,"4":0,"5":2},"f":{"0":5,"1":3,"2":2,"3":0},"b":{"0":[0,5],"1":[5,5]}}
,"/home/tanguy/Seafile/Cours/acrobat/Code/septoblique-api/src/utils/Token.ts": {"path":"/home/tanguy/Seafile/Cours/acrobat/Code/septoblique-api/src/utils/Token.ts","statementMap":{"0":{"start":{"line":1,"column":0},"end":{"line":1,"column":56}},"1":{"start":{"line":4,"column":25},"end":{"line":4,"column":32}},"2":{"start":{"line":5,"column":23},"end":{"line":5,"column":42}},"3":{"start":{"line":6,"column":19},"end":{"line":6,"column":33}},"4":{"start":{"line":7,"column":23},"end":{"line":7,"column":49}},"5":{"start":{"line":11,"column":1},"end":{"line":12,"column":48}},"6":{"start":{"line":12,"column":2},"end":{"line":12,"column":48}},"7":{"start":{"line":14,"column":16},"end":{"line":14,"column":26}},"8":{"start":{"line":15,"column":17},"end":{"line":15,"column":40}},"9":{"start":{"line":16,"column":14},"end":{"line":19,"column":null}},"10":{"start":{"line":22,"column":1},"end":{"line":26,"column":3}},"11":{"start":{"line":9,"column":0},"end":{"line":9,"column":16}},"12":{"start":{"line":31,"column":1},"end":{"line":32,"column":48}},"13":{"start":{"line":32,"column":2},"end":{"line":32,"column":48}},"14":{"start":{"line":36,"column":1},"end":{"line":57,"column":null}},"15":{"start":{"line":37,"column":2},"end":{"line":37,"column":61}},"16":{"start":{"line":40,"column":2},"end":{"line":53,"column":null}},"17":{"start":{"line":42,"column":3},"end":{"line":44,"column":null}},"18":{"start":{"line":43,"column":4},"end":{"line":43,"column":37}},"19":{"start":{"line":46,"column":3},"end":{"line":48,"column":null}},"20":{"start":{"line":47,"column":4},"end":{"line":47,"column":39}},"21":{"start":{"line":50,"column":3},"end":{"line":52,"column":null}},"22":{"start":{"line":51,"column":4},"end":{"line":51,"column":37}},"23":{"start":{"line":56,"column":2},"end":{"line":56,"column":10}},"24":{"start":{"line":59,"column":1},"end":{"line":62,"column":3}},"25":{"start":{"line":29,"column":0},"end":{"line":29,"column":16}},"26":{"start":{"line":67,"column":13},"end":{"line":67,"column":23}},"27":{"start":{"line":69,"column":1},"end":{"line":69,"column":43}},"28":{"start":{"line":69,"column":27},"end":{"line":69,"column":43}},"29":{"start":{"line":71,"column":35},"end":{"line":71,"column":63}},"30":{"start":{"line":73,"column":1},"end":{"line":73,"column":52}},"31":{"start":{"line":73,"column":37},"end":{"line":73,"column":52}},"32":{"start":{"line":75,"column":1},"end":{"line":75,"column":18}},"33":{"start":{"line":65,"column":0},"end":{"line":65,"column":16}}},"fnMap":{"0":{"name":"encodeSession","decl":{"start":{"line":9,"column":16},"end":{"line":9,"column":29}},"loc":{"start":{"line":9,"column":60},"end":{"line":27,"column":1}}},"1":{"name":"decodeSession","decl":{"start":{"line":29,"column":16},"end":{"line":29,"column":29}},"loc":{"start":{"line":29,"column":50},"end":{"line":63,"column":1}}},"2":{"name":"checkExpirationStatus","decl":{"start":{"line":65,"column":16},"end":{"line":65,"column":37}},"loc":{"start":{"line":65,"column":54},"end":{"line":76,"column":1}}}},"branchMap":{"0":{"loc":{"start":{"line":11,"column":1},"end":{"line":12,"column":48}},"type":"if","locations":[{"start":{"line":11,"column":1},"end":{"line":12,"column":48}}]},"1":{"loc":{"start":{"line":31,"column":1},"end":{"line":32,"column":48}},"type":"if","locations":[{"start":{"line":31,"column":1},"end":{"line":32,"column":48}}]},"2":{"loc":{"start":{"line":40,"column":2},"end":{"line":53,"column":null}},"type":"if","locations":[{"start":{"line":40,"column":2},"end":{"line":53,"column":null}}]},"3":{"loc":{"start":{"line":42,"column":3},"end":{"line":44,"column":null}},"type":"if","locations":[{"start":{"line":42,"column":3},"end":{"line":44,"column":null}}]},"4":{"loc":{"start":{"line":42,"column":7},"end":{"line":42,"column":91}},"type":"binary-expr","locations":[{"start":{"line":42,"column":7},"end":{"line":42,"column":40}},{"start":{"line":42,"column":44},"end":{"line":42,"column":91}}]},"5":{"loc":{"start":{"line":46,"column":3},"end":{"line":48,"column":null}},"type":"if","locations":[{"start":{"line":46,"column":3},"end":{"line":48,"column":null}}]},"6":{"loc":{"start":{"line":46,"column":7},"end":{"line":46,"column":95}},"type":"binary-expr","locations":[{"start":{"line":46,"column":7},"end":{"line":46,"column":52}},{"start":{"line":46,"column":56},"end":{"line":46,"column":95}}]},"7":{"loc":{"start":{"line":50,"column":3},"end":{"line":52,"column":null}},"type":"if","locations":[{"start":{"line":50,"column":3},"end":{"line":52,"column":null}}]},"8":{"loc":{"start":{"line":69,"column":1},"end":{"line":69,"column":43}},"type":"if","locations":[{"start":{"line":69,"column":1},"end":{"line":69,"column":43}}]},"9":{"loc":{"start":{"line":73,"column":1},"end":{"line":73,"column":52}},"type":"if","locations":[{"start":{"line":73,"column":1},"end":{"line":73,"column":52}}]}},"s":{"0":2,"1":2,"2":2,"3":2,"4":2,"5":1,"6":0,"7":1,"8":1,"9":1,"10":1,"11":2,"12":0,"13":0,"14":0,"15":0,"16":0,"17":0,"18":0,"19":0,"20":0,"21":0,"22":0,"23":0,"24":0,"25":2,"26":0,"27":0,"28":0,"29":0,"30":0,"31":0,"32":0,"33":2},"f":{"0":1,"1":0,"2":0},"b":{"0":[0],"1":[0],"2":[0],"3":[0],"4":[0,0],"5":[0],"6":[0,0],"7":[0],"8":[0],"9":[0]}}
}
