TN:
SF:src/controllers/Trip.ts
FN:13,createTrip
FN:52,getAllPublicTrips
FN:62,getUserTrips
FN:69,getSpecificTrip
FN:73,updateTrip
FN:96,deleteTrip
FN:104,getTripUsers
FN:112,addingMemberToTrip
FN:145,removeMemberFromTrip
FN:156,(anonymous_26)
FNF:10
FNH:7
FNDA:2,createTrip
FNDA:2,getAllPublicTrips
FNDA:1,getUserTrips
FNDA:0,getSpecificTrip
FNDA:2,updateTrip
FNDA:1,deleteTrip
FNDA:0,getTripUsers
FNDA:3,addingMemberToTrip
FNDA:3,removeMemberFromTrip
FNDA:0,(anonymous_26)
DA:2,1
DA:3,1
DA:4,1
DA:5,1
DA:9,1
DA:11,1
DA:13,1
DA:15,2
DA:20,2
DA:21,1
DA:22,1
DA:26,1
DA:27,1
DA:30,0
DA:31,0
DA:33,0
DA:36,1
DA:38,1
DA:40,1
DA:42,1
DA:43,1
DA:46,0
DA:49,1
DA:52,1
DA:53,2
DA:59,2
DA:62,1
DA:64,1
DA:66,1
DA:69,1
DA:70,0
DA:73,1
DA:75,2
DA:76,2
DA:78,2
DA:79,1
DA:80,1
DA:83,1
DA:84,1
DA:87,0
DA:88,0
DA:90,0
DA:93,1
DA:96,1
DA:97,1
DA:99,1
DA:101,1
DA:104,1
DA:105,0
DA:112,1
DA:114,3
DA:116,3
DA:118,3
DA:119,1
DA:120,1
DA:123,2
DA:129,2
DA:130,1
DA:131,1
DA:134,1
DA:135,1
DA:138,1
DA:139,1
DA:142,0
DA:145,1
DA:147,3
DA:149,3
DA:151,3
DA:152,1
DA:153,1
DA:156,2
DA:158,2
DA:159,2
DA:162,0
DA:164,0
LF:75
LH:63
BRDA:20,0,0,1
BRDA:30,1,0,0
BRDA:38,2,0,0
BRDA:43,3,0,0
BRDA:43,3,1,1
BRDA:78,4,0,1
BRDA:78,5,0,2
BRDA:78,5,1,1
BRDA:87,6,0,0
BRDA:118,7,0,1
BRDA:129,8,0,1
BRDA:149,9,0,0
BRDA:149,9,1,3
BRDA:149,10,0,3
BRDA:149,10,1,3
BRDA:151,11,0,1
BRDA:156,12,0,2
BRF:17
BRH:12
end_of_record
TN:
SF:src/controllers/User.ts
FN:14,register
FN:56,login
FN:90,me
FNF:3
FNH:3
FNDA:5,register
FNDA:4,login
FNDA:1,me
DA:2,2
DA:3,2
DA:9,2
DA:10,2
DA:11,2
DA:14,2
DA:16,5
DA:17,1
DA:18,1
DA:21,4
DA:27,4
DA:28,1
DA:29,1
DA:32,3
DA:33,3
DA:35,3
DA:42,3
DA:43,3
DA:46,0
DA:47,0
DA:49,0
DA:52,3
DA:53,3
DA:56,2
DA:58,4
DA:59,1
DA:60,1
DA:63,3
DA:69,3
DA:70,1
DA:71,1
DA:74,2
DA:76,2
DA:77,1
DA:78,1
DA:81,1
DA:87,1
DA:90,2
DA:92,1
DA:98,1
LF:40
LH:37
BRDA:16,0,0,1
BRDA:27,1,0,1
BRDA:46,2,0,0
BRDA:58,3,0,1
BRDA:69,4,0,1
BRDA:76,5,0,1
BRF:6
BRH:5
end_of_record
TN:
SF:src/core/Database.ts
FN:28,(anonymous_14)
FN:31,default_1
FN:33,(anonymous_17)
FN:37,(anonymous_18)
FN:43,(anonymous_19)
FNF:5
FNH:5
FNDA:190,(anonymous_14)
FNDA:2,default_1
FNDA:22,(anonymous_17)
FNDA:22,(anonymous_18)
FNDA:22,(anonymous_19)
DA:1,2
DA:2,2
DA:3,2
DA:4,2
DA:6,2
DA:8,2
DA:10,2
DA:11,0
DA:13,2
DA:14,0
DA:16,2
DA:17,0
DA:19,2
DA:21,2
DA:28,190
DA:31,2
DA:33,22
DA:36,2
DA:37,44
DA:38,22
DA:42,2
DA:43,44
DA:45,22
DA:47,20
DA:50,2
LF:25
LH:22
BRDA:10,0,0,0
BRDA:10,1,0,2
BRDA:10,1,1,2
BRDA:13,2,0,0
BRDA:13,3,0,2
BRDA:13,3,1,2
BRDA:16,4,0,0
BRDA:19,5,0,2
BRDA:19,5,1,0
BRDA:45,6,0,2
BRF:10
BRH:6
end_of_record
TN:
SF:src/core/FileManagement.ts
FN:12,(anonymous_8)
FN:35,(anonymous_9)
FN:43,(anonymous_10)
FN:46,(anonymous_12)
FN:53,(anonymous_13)
FN:60,(anonymous_15)
FN:69,(anonymous_17)
FNF:7
FNH:4
FNDA:1,(anonymous_8)
FNDA:1,(anonymous_9)
FNDA:1,(anonymous_10)
FNDA:5,(anonymous_12)
FNDA:0,(anonymous_13)
FNDA:0,(anonymous_15)
FNDA:0,(anonymous_17)
DA:1,1
DA:4,1
DA:6,1
DA:8,1
DA:14,1
DA:15,0
DA:18,1
DA:19,0
DA:22,1
DA:32,1
DA:36,1
DA:37,1
DA:40,1
DA:44,1
DA:46,5
DA:47,1
DA:54,0
DA:61,0
DA:70,0
LF:19
LH:14
BRDA:14,0,0,0
BRDA:14,1,0,1
BRDA:14,1,1,1
BRDA:18,2,0,0
BRDA:36,3,0,1
BRDA:46,4,0,1
BRDA:46,5,0,1
BRDA:46,5,1,1
BRF:8
BRH:6
end_of_record
TN:
SF:src/core/Logger.ts
FN:1,(anonymous_0)
FN:13,(anonymous_1)
FN:17,(anonymous_2)
FN:21,(anonymous_3)
FN:30,(anonymous_4)
FN:37,(anonymous_5)
FN:41,(anonymous_6)
FN:45,(anonymous_7)
FN:52,(anonymous_8)
FN:70,(anonymous_9)
FNF:10
FNH:6
FNDA:2,(anonymous_0)
FNDA:3,(anonymous_1)
FNDA:0,(anonymous_2)
FNDA:1,(anonymous_3)
FNDA:190,(anonymous_4)
FNDA:1,(anonymous_5)
FNDA:0,(anonymous_6)
FNDA:0,(anonymous_7)
FNDA:0,(anonymous_8)
FNDA:191,(anonymous_9)
DA:1,2
DA:2,2
DA:3,2
DA:4,2
DA:5,2
DA:6,2
DA:9,2
DA:14,3
DA:18,0
DA:22,1
DA:23,1
DA:25,1
DA:26,1
DA:32,190
DA:33,0
DA:38,1
DA:42,0
DA:46,0
DA:47,0
DA:48,0
DA:53,0
DA:54,0
DA:55,0
DA:57,0
DA:66,2
DA:68,2
DA:71,191
DA:72,3
DA:74,191
LF:29
LH:19
BRDA:1,0,0,2
BRDA:1,0,1,2
BRDA:32,1,0,0
BRDA:47,2,0,0
BRDA:47,3,0,0
BRDA:47,3,1,0
BRDA:54,4,0,0
BRDA:54,5,0,0
BRDA:54,5,1,0
BRDA:57,6,0,0
BRDA:57,6,1,0
BRDA:57,7,0,0
BRDA:57,7,1,0
BRDA:71,8,0,3
BRF:14
BRH:3
end_of_record
TN:
SF:src/models/Day.ts
FN:21,init
FN:41,associate
FNF:2
FNH:2
FNDA:2,init
FNDA:2,associate
DA:1,2
DA:3,2
DA:6,2
DA:21,2
DA:22,2
DA:41,2
DA:42,2
LF:7
LH:7
BRF:0
BRH:0
end_of_record
TN:
SF:src/models/FileMetadata.ts
FN:26,init
FN:85,associate
FNF:2
FNH:2
FNDA:2,init
FNDA:2,associate
DA:1,2
DA:2,2
DA:3,2
DA:5,2
DA:6,2
DA:7,2
DA:8,2
DA:10,2
DA:26,2
DA:27,2
DA:85,2
DA:86,2
DA:92,2
DA:98,2
DA:104,2
LF:15
LH:15
BRF:0
BRH:0
end_of_record
TN:
SF:src/models/LogbookEntry.ts
FN:13,init
FN:41,associate
FNF:2
FNH:2
FNDA:2,init
FNDA:2,associate
DA:1,2
DA:3,2
DA:4,2
DA:6,2
DA:13,2
DA:14,2
DA:41,2
DA:42,2
DA:48,2
LF:9
LH:9
BRF:0
BRH:0
end_of_record
TN:
SF:src/models/Path.ts
FN:14,init
FN:30,associate
FNF:2
FNH:2
FNDA:2,init
FNDA:2,associate
DA:1,2
DA:3,2
DA:5,2
DA:14,2
DA:15,2
DA:30,2
DA:31,2
LF:7
LH:7
BRF:0
BRH:0
end_of_record
TN:
SF:src/models/Point.ts
FN:43,init
FN:79,associate
FNF:2
FNH:2
FNDA:2,init
FNDA:2,associate
DA:1,2
DA:14,2
DA:19,2
DA:43,2
DA:44,2
DA:79,2
DA:80,2
LF:7
LH:7
BRF:0
BRH:0
end_of_record
TN:
SF:src/models/Spent.ts
FN:22,init
FN:52,associate
FNF:2
FNH:2
FNDA:2,init
FNDA:2,associate
DA:1,2
DA:2,2
DA:3,2
DA:4,2
DA:7,2
DA:22,2
DA:23,2
DA:52,2
DA:53,2
DA:59,2
LF:10
LH:10
BRF:0
BRH:0
end_of_record
TN:
SF:src/models/Step.ts
FN:24,init
FN:61,associate
FNF:2
FNH:2
FNDA:2,init
FNDA:2,associate
DA:1,2
DA:4,2
DA:5,2
DA:8,2
DA:24,2
DA:25,2
DA:61,2
DA:62,2
DA:68,2
LF:9
LH:9
BRF:0
BRH:0
end_of_record
TN:
SF:src/models/TodoEntry.ts
FN:22,init
FN:66,associate
FNF:2
FNH:2
FNDA:2,init
FNDA:2,associate
DA:1,2
DA:2,2
DA:3,2
DA:4,2
DA:5,2
DA:6,2
DA:7,2
DA:10,2
DA:22,2
DA:23,2
DA:66,2
DA:67,2
DA:73,2
DA:79,2
DA:85,2
LF:15
LH:15
BRF:0
BRH:0
end_of_record
TN:
SF:src/models/Travelers.ts
FN:14,init
FNF:1
FNH:1
FNDA:2,init
DA:1,2
DA:4,2
DA:14,2
DA:15,2
LF:4
LH:4
BRF:0
BRH:0
end_of_record
TN:
SF:src/models/Trip.ts
FN:30,init
FN:62,associate
FNF:2
FNH:2
FNDA:2,init
FNDA:2,associate
DA:1,2
DA:4,2
DA:5,2
DA:6,2
DA:9,2
DA:30,2
DA:31,2
DA:62,2
DA:63,2
DA:69,2
DA:76,2
LF:11
LH:11
BRF:0
BRH:0
end_of_record
TN:
SF:src/models/User.ts
FN:21,init
FN:57,associate
FNF:2
FNH:2
FNDA:2,init
FNDA:2,associate
DA:1,2
DA:3,2
DA:4,2
DA:6,2
DA:21,2
DA:22,2
DA:57,2
DA:58,2
DA:64,2
DA:70,2
LF:10
LH:10
BRF:0
BRH:0
end_of_record
TN:
SF:src/types/models/Common.ts
FN:9,isCommonAttributes
FNF:1
FNH:0
FNDA:0,isCommonAttributes
DA:9,2
DA:10,0
LF:2
LH:1
BRF:0
BRH:0
end_of_record
TN:
SF:src/types/models/File.ts
FN:6,(anonymous_0)
FN:28,isFileType
FN:35,isFileMetadataAttributes
FN:45,isFileMetadataInput
FN:51,isFileMetadataOuput
FN:59,isFileMetadataOuputArray
FN:60,(anonymous_6)
FNF:7
FNH:1
FNDA:2,(anonymous_0)
FNDA:0,isFileType
FNDA:0,isFileMetadataAttributes
FNDA:0,isFileMetadataInput
FNDA:0,isFileMetadataOuput
FNDA:0,isFileMetadataOuputArray
FNDA:0,(anonymous_6)
DA:1,2
DA:2,2
DA:3,2
DA:6,2
DA:7,2
DA:8,2
DA:28,2
DA:29,0
DA:35,2
DA:36,0
DA:45,2
DA:46,0
DA:51,2
DA:52,0
DA:59,2
DA:60,0
LF:16
LH:11
BRDA:6,0,0,2
BRDA:6,0,1,2
BRDA:30,1,0,0
BRDA:30,1,1,0
BRDA:37,2,0,0
BRDA:37,2,1,0
BRDA:37,2,2,0
BRDA:37,2,3,0
BRDA:37,2,4,0
BRDA:53,3,0,0
BRDA:53,3,1,0
BRDA:53,3,2,0
BRF:12
BRH:2
end_of_record
TN:
SF:src/types/models/Spent.ts
FN:5,(anonymous_0)
FN:25,isSpentCategory
FN:32,isSpentAttributes
FN:41,isSpentInput
FN:47,isSpentOutput
FN:54,isSpentOutputArray
FN:55,(anonymous_6)
FNF:7
FNH:1
FNDA:2,(anonymous_0)
FNDA:0,isSpentCategory
FNDA:0,isSpentAttributes
FNDA:0,isSpentInput
FNDA:0,isSpentOutput
FNDA:0,isSpentOutputArray
FNDA:0,(anonymous_6)
DA:1,2
DA:2,2
DA:5,2
DA:6,2
DA:7,2
DA:8,2
DA:9,2
DA:10,2
DA:25,2
DA:26,0
DA:32,2
DA:33,0
DA:41,2
DA:42,0
DA:47,2
DA:48,0
DA:54,2
DA:55,0
LF:18
LH:13
BRDA:5,0,0,2
BRDA:5,0,1,2
BRDA:27,1,0,0
BRDA:27,1,1,0
BRDA:34,2,0,0
BRDA:34,2,1,0
BRDA:34,2,2,0
BRDA:34,2,3,0
BRDA:49,3,0,0
BRDA:49,3,1,0
BRF:10
BRH:2
end_of_record
TN:
SF:src/types/models/Todo.ts
FN:5,(anonymous_0)
FN:26,isTodoState
FN:33,isTodoEntryAttributes
FN:41,isTodoEntryInput
FN:47,isTodoEntryOutput
FN:54,isTodoEntryOutputArray
FN:56,(anonymous_6)
FNF:7
FNH:1
FNDA:2,(anonymous_0)
FNDA:0,isTodoState
FNDA:0,isTodoEntryAttributes
FNDA:0,isTodoEntryInput
FNDA:0,isTodoEntryOutput
FNDA:0,isTodoEntryOutputArray
FNDA:0,(anonymous_6)
DA:1,2
DA:2,2
DA:5,2
DA:6,2
DA:7,2
DA:8,2
DA:26,2
DA:27,0
DA:33,2
DA:34,0
DA:41,2
DA:42,0
DA:47,2
DA:48,0
DA:54,2
DA:55,0
DA:56,0
LF:17
LH:11
BRDA:5,0,0,2
BRDA:5,0,1,2
BRDA:28,1,0,0
BRDA:28,1,1,0
BRDA:35,2,0,0
BRDA:35,2,1,0
BRDA:35,2,2,0
BRDA:49,3,0,0
BRDA:49,3,1,0
BRF:9
BRH:2
end_of_record
TN:
SF:src/types/models/Trip.ts
FN:18,isTripAttributes
FN:26,isTripInput
FN:32,isTripOutput
FN:39,isTripOutputArray
FN:40,(anonymous_4)
FNF:5
FNH:2
FNDA:2,isTripAttributes
FNDA:2,isTripInput
FNDA:0,isTripOutput
FNDA:0,isTripOutputArray
FNDA:0,(anonymous_4)
DA:1,1
DA:2,1
DA:18,1
DA:19,2
DA:26,1
DA:27,2
DA:32,1
DA:33,0
DA:39,1
DA:40,0
LF:10
LH:8
BRDA:20,0,0,2
BRDA:20,0,1,1
BRDA:20,0,2,1
BRDA:34,1,0,0
BRDA:34,1,1,0
BRF:5
BRH:3
end_of_record
TN:
SF:src/types/utils/Credentials.ts
FN:13,isLoginCredentials
FN:20,isRegisterCredentials
FNF:2
FNH:2
FNDA:8,isLoginCredentials
FNDA:5,isRegisterCredentials
DA:13,2
DA:14,8
DA:20,2
DA:21,5
LF:4
LH:4
BRDA:15,0,0,8
BRDA:15,0,1,7
BRDA:22,1,0,5
BRDA:22,1,1,4
BRDA:22,1,2,4
BRF:5
BRH:5
end_of_record
TN:
SF:src/types/utils/Enum.ts
FN:5,getEnumValues
FN:6,(anonymous_1)
FNF:2
FNH:2
FNDA:6,getEnumValues
FNDA:20,(anonymous_1)
DA:5,2
DA:6,20
LF:2
LH:2
BRF:0
BRH:0
end_of_record
TN:
SF:src/types/utils/Visibility.ts
FN:3,isVisibility
FNF:1
FNH:1
FNDA:2,isVisibility
DA:3,2
DA:4,2
LF:2
LH:2
BRDA:5,0,0,2
BRDA:5,0,1,1
BRF:2
BRH:2
end_of_record
TN:
SF:src/utils/Hash.ts
FN:7,(anonymous_1)
FN:11,(anonymous_2)
FN:15,(anonymous_3)
FN:19,(anonymous_4)
FNF:4
FNH:3
FNDA:5,(anonymous_1)
FNDA:3,(anonymous_2)
FNDA:2,(anonymous_3)
FNDA:0,(anonymous_4)
DA:1,2
DA:3,2
DA:8,5
DA:12,3
DA:16,2
DA:20,0
LF:6
LH:5
BRDA:8,0,0,0
BRDA:8,0,1,5
BRDA:8,1,0,5
BRDA:8,1,1,5
BRF:4
BRH:3
end_of_record
TN:
SF:src/utils/Token.ts
FN:9,encodeSession
FN:29,decodeSession
FN:65,checkExpirationStatus
FNF:3
FNH:1
FNDA:1,encodeSession
FNDA:0,decodeSession
FNDA:0,checkExpirationStatus
DA:1,2
DA:4,2
DA:5,2
DA:6,2
DA:7,2
DA:9,2
DA:11,1
DA:12,0
DA:14,1
DA:15,1
DA:16,1
DA:22,1
DA:29,2
DA:31,0
DA:32,0
DA:36,0
DA:37,0
DA:40,0
DA:42,0
DA:43,0
DA:46,0
DA:47,0
DA:50,0
DA:51,0
DA:56,0
DA:59,0
DA:65,2
DA:67,0
DA:69,0
DA:71,0
DA:73,0
DA:75,0
LF:32
LH:13
BRDA:11,0,0,0
BRDA:31,1,0,0
BRDA:40,2,0,0
BRDA:42,3,0,0
BRDA:42,4,0,0
BRDA:42,4,1,0
BRDA:46,5,0,0
BRDA:46,6,0,0
BRDA:46,6,1,0
BRDA:50,7,0,0
BRDA:69,8,0,0
BRDA:73,9,0,0
BRF:12
BRH:0
end_of_record
